"../../../Engine/Content/EditorMaterials/PreviewShadowIndicator.ubulk" 0
"../../../Engine/Content/EditorMaterials/PreviewShadowIndicator.uasset" 1
"../../../Engine/Content/EditorMaterials/PreviewShadowIndicator.uexp" 2
"../../../Engine/Content/EditorMaterials/PreviewShadowIndicatorMaterial.uasset" 3
"../../../Engine/Content/EditorMaterials/PreviewShadowIndicatorMaterial.uexp" 4
"../../../Engine/Content/EditorMaterials/MAT_Groups_Visibility.uasset" 5
"../../../Engine/Content/EditorMaterials/MAT_Groups_Visibility.uexp" 6
"../../../Engine/Content/EditorMaterials/MAT_Groups_Toggle.uasset" 7
"../../../Engine/Content/EditorMaterials/MAT_Groups_Toggle.uexp" 8
"../../../Engine/Content/EditorMaterials/ParticleSystems/PSysThumbnail_OOD.ubulk" 9
"../../../Engine/Content/EditorMaterials/ParticleSystems/PSysThumbnail_OOD.uasset" 10
"../../../Engine/Content/EditorMaterials/ParticleSystems/PSysThumbnail_OOD.uexp" 11
"../../../Engine/Content/EditorMaterials/ParticleSystems/PSysThumbnail_NoImage.ubulk" 12
"../../../Engine/Content/EditorMaterials/ParticleSystems/PSysThumbnail_NoImage.uasset" 13
"../../../Engine/Content/EditorMaterials/ParticleSystems/PSysThumbnail_NoImage.uexp" 14
"../../../Engine/Content/EditorMaterials/MatineeGroups/MAT_Groups_Vector.uasset" 15
"../../../Engine/Content/EditorMaterials/MatineeGroups/MAT_Groups_Vector.uexp" 16
"../../../Engine/Content/EditorMaterials/MatineeGroups/MAT_Groups_Sound.uasset" 17
"../../../Engine/Content/EditorMaterials/MatineeGroups/MAT_Groups_Sound.uexp" 18
"../../../Engine/Content/EditorMaterials/MatineeGroups/MAT_Groups_Slomo.uasset" 19
"../../../Engine/Content/EditorMaterials/MatineeGroups/MAT_Groups_Slomo.uexp" 20
"../../../Engine/Content/EditorMaterials/MatineeGroups/MAT_Groups_Move.uasset" 21
"../../../Engine/Content/EditorMaterials/MatineeGroups/MAT_Groups_Move.uexp" 22
"../../../Engine/Content/EditorMaterials/MatineeGroups/MAT_Groups_Float.uasset" 23
"../../../Engine/Content/EditorMaterials/MatineeGroups/MAT_Groups_Float.uexp" 24
"../../../Engine/Content/EditorMaterials/MatineeGroups/MAT_Groups_Fade.uasset" 25
"../../../Engine/Content/EditorMaterials/MatineeGroups/MAT_Groups_Fade.uexp" 26
"../../../Engine/Content/EditorMaterials/MatineeGroups/MAT_Groups_Event.uasset" 27
"../../../Engine/Content/EditorMaterials/MatineeGroups/MAT_Groups_Event.uexp" 28
"../../../Engine/Content/EditorMaterials/MatineeGroups/MAT_Groups_Director.uasset" 29
"../../../Engine/Content/EditorMaterials/MatineeGroups/MAT_Groups_Director.uexp" 30
"../../../Engine/Content/EditorMaterials/MatineeGroups/MAT_Groups_AudioMaster.uasset" 31
"../../../Engine/Content/EditorMaterials/MatineeGroups/MAT_Groups_AudioMaster.uexp" 32
"../../../Engine/Content/EditorMaterials/MatineeGroups/MAT_Groups_Anim.uasset" 33
"../../../Engine/Content/EditorMaterials/MatineeGroups/MAT_Groups_Anim.uexp" 34
"../../../Engine/Content/EditorMaterials/MatineeGroups/MAT_ColorTrack.uasset" 35
"../../../Engine/Content/EditorMaterials/MatineeGroups/MAT_ColorTrack.uexp" 36
"../../../Engine/Content/Functions/Engine_MaterialFunctions02/Utility/MakeFloat4.uasset" 37
"../../../Engine/Content/Functions/Engine_MaterialFunctions02/Utility/MakeFloat4.uexp" 38
"../../../Engine/Content/Functions/Engine_MaterialFunctions02/Utility/MakeFloat3.uasset" 39
"../../../Engine/Content/Functions/Engine_MaterialFunctions02/Utility/MakeFloat3.uexp" 40
"../../../Engine/Content/Functions/Engine_MaterialFunctions02/Utility/BreakOutFloat3Components.uasset" 41
"../../../Engine/Content/Functions/Engine_MaterialFunctions02/Utility/BreakOutFloat3Components.uexp" 42
"../../../Engine/Content/EditorMaterials/WorldPartition/WorldPartitionSpatialHashGridPreviewMaterial.uasset" 43
"../../../Engine/Content/EditorMaterials/WorldPartition/WorldPartitionSpatialHashGridPreviewMaterial.uexp" 44
"../../../Engine/Content/EditorLandscapeResources/DefaultAlphaTexture.uasset" 45
"../../../Engine/Content/EditorLandscapeResources/DefaultAlphaTexture.uexp" 46
"../../../Engine/Content/EditorLandscapeResources/DataLayer.uasset" 47
"../../../Engine/Content/EditorLandscapeResources/DataLayer.uexp" 48
"../../../Engine/Content/EngineMaterials/T_Default_Material_Grid_M.ubulk" 49
"../../../Engine/Content/EngineMaterials/T_Default_Material_Grid_M.uasset" 50
"../../../Engine/Content/EngineMaterials/T_Default_Material_Grid_M.uexp" 51
"../../../Engine/Content/EngineMaterials/T_Default_Material_Grid_N.ubulk" 52
"../../../Engine/Content/EngineMaterials/T_Default_Material_Grid_N.uasset" 53
"../../../Engine/Content/EngineMaterials/T_Default_Material_Grid_N.uexp" 54
"../../../Engine/Content/Functions/Engine_MaterialFunctions01/Opacity/CameraDepthFade.uasset" 55
"../../../Engine/Content/Functions/Engine_MaterialFunctions01/Opacity/CameraDepthFade.uexp" 56
"../../../Engine/Content/EngineMaterials/DefaultMaterial.uasset" 57
"../../../Engine/Content/EngineMaterials/DefaultMaterial.uexp" 58
"../../../Engine/Content/BasicShapes/Sphere.ubulk" 59
"../../../Engine/Content/BasicShapes/Sphere.uasset" 60
"../../../Engine/Content/BasicShapes/Sphere.uexp" 61
"../../../Engine/Content/EngineMaterials/WorldGridMaterial.uasset" 62
"../../../Engine/Content/EngineMaterials/WorldGridMaterial.uexp" 63
"../../../Engine/Content/BasicShapes/Plane.ubulk" 64
"../../../Engine/Content/BasicShapes/Plane.uasset" 65
"../../../Engine/Content/BasicShapes/Plane.uexp" 66
"../../../Engine/Content/EditorMaterials/Camera/CineMat.uasset" 67
"../../../Engine/Content/EditorMaterials/Camera/CineMat.uexp" 68
"../../../Engine/Content/EditorMaterials/Camera/MI_CineMat_Rig.uasset" 69
"../../../Engine/Content/EditorMaterials/Camera/MI_CineMat_Rig.uexp" 70
"../../../Engine/Content/EditorMeshes/Camera/SM_RailRig_Track.ubulk" 71
"../../../Engine/Content/EditorMeshes/Camera/SM_RailRig_Track.uasset" 72
"../../../Engine/Content/EditorMeshes/Camera/SM_RailRig_Track.uexp" 73
"../../../Engine/Content/EditorMeshes/Camera/SM_RailRig_Mount.ubulk" 74
"../../../Engine/Content/EditorMeshes/Camera/SM_RailRig_Mount.uasset" 75
"../../../Engine/Content/EditorMeshes/Camera/SM_RailRig_Mount.uexp" 76
"../../../Engine/Content/EditorMeshes/Camera/SM_CraneRig_Mount.ubulk" 77
"../../../Engine/Content/EditorMeshes/Camera/SM_CraneRig_Mount.uasset" 78
"../../../Engine/Content/EditorMeshes/Camera/SM_CraneRig_Mount.uexp" 79
"../../../Engine/Content/EditorMeshes/Camera/SM_CraneRig_Body.ubulk" 80
"../../../Engine/Content/EditorMeshes/Camera/SM_CraneRig_Body.uasset" 81
"../../../Engine/Content/EditorMeshes/Camera/SM_CraneRig_Body.uexp" 82
"../../../Engine/Content/EditorMeshes/Camera/SM_CraneRig_Base.ubulk" 83
"../../../Engine/Content/EditorMeshes/Camera/SM_CraneRig_Base.uasset" 84
"../../../Engine/Content/EditorMeshes/Camera/SM_CraneRig_Base.uexp" 85
"../../../Engine/Content/EditorMeshes/Camera/SM_CraneRig_Arm.ubulk" 86
"../../../Engine/Content/EditorMeshes/Camera/SM_CraneRig_Arm.uasset" 87
"../../../Engine/Content/EditorMeshes/Camera/SM_CraneRig_Arm.uexp" 88
"../../../Engine/Content/BasicShapes/Cylinder.ubulk" 89
"../../../Engine/Content/BasicShapes/Cylinder.uasset" 90
"../../../Engine/Content/BasicShapes/Cylinder.uexp" 91
"../../../Engine/Content/BasicShapes/Cone.ubulk" 92
"../../../Engine/Content/BasicShapes/Cone.uasset" 93
"../../../Engine/Content/BasicShapes/Cone.uexp" 94
"../../../Engine/Content/ArtTools/RenderToTexture/Meshes/S_1_Unit_Plane.ubulk" 95
"../../../Engine/Content/ArtTools/RenderToTexture/Meshes/S_1_Unit_Plane.uasset" 96
"../../../Engine/Content/ArtTools/RenderToTexture/Meshes/S_1_Unit_Plane.uexp" 97
"../../../Engine/Content/EditorResources/S_TriggerSphere.uasset" 98
"../../../Engine/Content/EditorResources/S_TriggerSphere.uexp" 99
"../../../Engine/Content/EditorResources/S_TriggerCapsule.uasset" 100
"../../../Engine/Content/EditorResources/S_TriggerCapsule.uexp" 101
"../../../Engine/Content/EditorResources/S_TriggerBox.uasset" 102
"../../../Engine/Content/EditorResources/S_TriggerBox.uexp" 103
"../../../Engine/Content/EditorResources/S_Trigger.ubulk" 104
"../../../Engine/Content/EditorResources/S_Trigger.uasset" 105
"../../../Engine/Content/EditorResources/S_Trigger.uexp" 106
"../../../Engine/Content/EditorResources/S_Terrain.ubulk" 107
"../../../Engine/Content/EditorResources/S_Terrain.uasset" 108
"../../../Engine/Content/EditorResources/S_Terrain.uexp" 109
"../../../Engine/Content/EditorResources/S_Solver.ubulk" 110
"../../../Engine/Content/EditorResources/S_Solver.uasset" 111
"../../../Engine/Content/EditorResources/S_Solver.uexp" 112
"../../../Engine/Content/EditorResources/S_BoxReflectionCapture.uasset" 113
"../../../Engine/Content/EditorResources/S_BoxReflectionCapture.uexp" 114
"../../../Engine/Content/EditorResources/S_Actor.ubulk" 115
"../../../Engine/Content/EditorResources/S_Actor.uasset" 116
"../../../Engine/Content/EditorResources/S_Actor.uexp" 117
"../../../Engine/Content/EditorResources/EmptyActor.uasset" 118
"../../../Engine/Content/EditorResources/EmptyActor.uexp" 119
"../../../Engine/Content/EditorResources/BSPVertex.uasset" 120
"../../../Engine/Content/EditorResources/BSPVertex.uexp" 121
"../../../Engine/Content/EditorResources/LightIcons/S_LightError.uasset" 122
"../../../Engine/Content/EditorResources/LightIcons/S_LightError.uexp" 123
"../../../Engine/Content/EditorResources/SequenceRecorder/RecordingIndicator.uasset" 124
"../../../Engine/Content/EditorResources/SequenceRecorder/RecordingIndicator.uexp" 125
"../../../Engine/Content/EditorResources/SequenceRecorder/Countdown.uasset" 126
"../../../Engine/Content/EditorResources/SequenceRecorder/Countdown.uexp" 127
"../../../Engine/Content/EngineDamageTypes/DmgTypeBP_Environmental.uasset" 128
"../../../Engine/Content/EngineDamageTypes/DmgTypeBP_Environmental.uexp" 129
"../../../Engine/Content/Functions/Engine_MaterialFunctions02/Utility/CameraDirectionVector.uasset" 130
"../../../Engine/Content/Functions/Engine_MaterialFunctions02/Utility/CameraDirectionVector.uexp" 131
"../../../Engine/Content/EngineDebugMaterials/VolumeToRender.uasset" 132
"../../../Engine/Content/EngineDebugMaterials/VolumeToRender.uexp" 133
"../../../Engine/Content/EngineDebugMaterials/M_VolumeRenderSphereTracePP.uasset" 134
"../../../Engine/Content/EngineDebugMaterials/M_VolumeRenderSphereTracePP.uexp" 135
"../../../Engine/Content/EngineDebugMaterials/M_SimpleUnlitTranslucent.uasset" 136
"../../../Engine/Content/EngineDebugMaterials/M_SimpleUnlitTranslucent.uexp" 137
"../../../Engine/Content/EngineDebugMaterials/DebugMeshMaterial.uasset" 138
"../../../Engine/Content/EngineDebugMaterials/DebugMeshMaterial.uexp" 139
"../../../Engine/Content/EngineDebugMaterials/DebugEditorMaterial.uasset" 140
"../../../Engine/Content/EngineDebugMaterials/DebugEditorMaterial.uexp" 141
"../../../Engine/Content/EngineFonts/Faces/RobotoLight.uexp" 142
"../../../Engine/Content/EngineFonts/Faces/RobotoLight.uasset" 143
"../../../Engine/Content/EngineFonts/Faces/RobotoLight.ufont" 144
"../../../Engine/Content/EngineFonts/Faces/RobotoBold.uexp" 145
"../../../Engine/Content/EngineFonts/Faces/RobotoBold.uasset" 146
"../../../Engine/Content/EngineFonts/Faces/RobotoBold.ufont" 147
"../../../Engine/Content/EngineFonts/Faces/RobotoRegular.uexp" 148
"../../../Engine/Content/EngineFonts/Faces/RobotoRegular.uasset" 149
"../../../Engine/Content/EngineFonts/Faces/RobotoRegular.ufont" 150
"../../../Engine/Content/EngineFonts/Faces/DroidSansFallback.uexp" 151
"../../../Engine/Content/EngineFonts/Faces/DroidSansFallback.uasset" 152
"../../../Engine/Content/EngineFonts/Faces/DroidSansFallback.ufont" 153
"../../../Engine/Content/EngineFonts/Faces/RobotoItalic.uexp" 154
"../../../Engine/Content/EngineFonts/Faces/RobotoItalic.uasset" 155
"../../../Engine/Content/EngineFonts/Faces/RobotoItalic.ufont" 156
"../../../Engine/Content/EngineFonts/Faces/RobotoBoldItalic.uexp" 157
"../../../Engine/Content/EngineFonts/Faces/RobotoBoldItalic.uasset" 158
"../../../Engine/Content/EngineFonts/Faces/RobotoBoldItalic.ufont" 159
"../../../Engine/Content/EngineFonts/Roboto.uasset" 160
"../../../Engine/Content/EngineFonts/Roboto.uexp" 161
"../../../Engine/Content/EngineResources/WhiteSquareTexture.uasset" 162
"../../../Engine/Content/EngineResources/WhiteSquareTexture.uexp" 163
"../../../Engine/Content/EngineMaterials/Widget3DPassThrough.uasset" 164
"../../../Engine/Content/EngineMaterials/Widget3DPassThrough.uexp" 165
"../../../Engine/Content/EngineMaterials/Widget3DPassThrough_Translucent.uasset" 166
"../../../Engine/Content/EngineMaterials/Widget3DPassThrough_Translucent.uexp" 167
"../../../Engine/Content/EngineMaterials/Widget3DPassThrough_Translucent_OneSided.uasset" 168
"../../../Engine/Content/EngineMaterials/Widget3DPassThrough_Translucent_OneSided.uexp" 169
"../../../Engine/Content/EngineMaterials/Widget3DPassThrough_Opaque.uasset" 170
"../../../Engine/Content/EngineMaterials/Widget3DPassThrough_Opaque.uexp" 171
"../../../Engine/Content/EngineMaterials/Widget3DPassThrough_Opaque_OneSided.uasset" 172
"../../../Engine/Content/EngineMaterials/Widget3DPassThrough_Opaque_OneSided.uexp" 173
"../../../Engine/Content/EngineMaterials/Widget3DPassThrough_Masked_OneSided.uasset" 174
"../../../Engine/Content/EngineMaterials/Widget3DPassThrough_Masked_OneSided.uexp" 175
"../../../Engine/Content/EngineMaterials/Widget3DPassThrough_Masked.uasset" 176
"../../../Engine/Content/EngineMaterials/Widget3DPassThrough_Masked.uexp" 177
"../../../Engine/Content/EngineMaterials/WeightMapPlaceholderTexture.uasset" 178
"../../../Engine/Content/EngineMaterials/WeightMapPlaceholderTexture.uexp" 179
"../../../Engine/Content/EngineMaterials/RemoveSurfaceMaterial.uasset" 180
"../../../Engine/Content/EngineMaterials/RemoveSurfaceMaterial.uexp" 181
"../../../Engine/Content/EngineMaterials/PreintegratedSkinBRDF.uasset" 182
"../../../Engine/Content/EngineMaterials/PreintegratedSkinBRDF.uexp" 183
"../../../Engine/Content/EngineMaterials/DefaultCalibrationGrayscale.uasset" 184
"../../../Engine/Content/EngineMaterials/DefaultCalibrationGrayscale.uexp" 185
"../../../Engine/Content/EngineMaterials/PPM_DefaultCalibrationGrayscale.uasset" 186
"../../../Engine/Content/EngineMaterials/PPM_DefaultCalibrationGrayscale.uexp" 187
"../../../Engine/Content/EngineMaterials/DefaultCalibrationColor.uasset" 188
"../../../Engine/Content/EngineMaterials/DefaultCalibrationColor.uexp" 189
"../../../Engine/Content/EngineMaterials/PPM_DefaultCalibrationColor.uasset" 190
"../../../Engine/Content/EngineMaterials/PPM_DefaultCalibrationColor.uexp" 191
"../../../Engine/Content/Functions/Engine_MaterialFunctions02/WorldPositionOffset/CameraOffset.uasset" 192
"../../../Engine/Content/Functions/Engine_MaterialFunctions02/WorldPositionOffset/CameraOffset.uexp" 193
"../../../Engine/Content/EngineMaterials/PhAT_JointLimitMaterial.uasset" 194
"../../../Engine/Content/EngineMaterials/PhAT_JointLimitMaterial.uexp" 195
"../../../Engine/Content/EngineMaterials/InvalidLightmapSettings.ubulk" 196
"../../../Engine/Content/EngineMaterials/InvalidLightmapSettings.uasset" 197
"../../../Engine/Content/EngineMaterials/InvalidLightmapSettings.uexp" 198
"../../../Engine/Content/EngineMaterials/M_InvalidLightmapSettings.uasset" 199
"../../../Engine/Content/EngineMaterials/M_InvalidLightmapSettings.uexp" 200
"../../../Engine/Content/EngineMaterials/MiniFont.uasset" 201
"../../../Engine/Content/EngineMaterials/MiniFont.uexp" 202
"../../../Engine/Content/EngineMaterials/Good64x64TilingNoiseHighFreq.uasset" 203
"../../../Engine/Content/EngineMaterials/Good64x64TilingNoiseHighFreq.uexp" 204
"../../../Engine/Content/EngineMaterials/GizmoMaterial.uasset" 205
"../../../Engine/Content/EngineMaterials/GizmoMaterial.uexp" 206
"../../../Engine/Content/EngineMaterials/BaseFlattenEmissiveMap_VT.uasset" 207
"../../../Engine/Content/EngineMaterials/BaseFlattenEmissiveMap_VT.uexp" 208
"../../../Engine/Content/EngineMaterials/BaseFlattenGrayscaleMap_VT.uasset" 209
"../../../Engine/Content/EngineMaterials/BaseFlattenGrayscaleMap_VT.uexp" 210
"../../../Engine/Content/EngineMaterials/BaseFlattenLinearColor_VT.uasset" 211
"../../../Engine/Content/EngineMaterials/BaseFlattenLinearColor_VT.uexp" 212
"../../../Engine/Content/EngineMaterials/Black_1x1_EXR_Texture_VT.uasset" 213
"../../../Engine/Content/EngineMaterials/Black_1x1_EXR_Texture_VT.uexp" 214
"../../../Engine/Content/EngineMaterials/BaseFlattenDiffuseMap_VT.uasset" 215
"../../../Engine/Content/EngineMaterials/BaseFlattenDiffuseMap_VT.uexp" 216
"../../../Engine/Content/EngineMaterials/BaseFlattenNormalMap_VT.uasset" 217
"../../../Engine/Content/EngineMaterials/BaseFlattenNormalMap_VT.uexp" 218
"../../../Engine/Content/EngineMaterials/FlattenMaterial_WS_Normal_VT.uasset" 219
"../../../Engine/Content/EngineMaterials/FlattenMaterial_WS_Normal_VT.uexp" 220
"../../../Engine/Content/EngineMaterials/FlattenMaterial_VT.uasset" 221
"../../../Engine/Content/EngineMaterials/FlattenMaterial_VT.uexp" 222
"../../../Engine/Content/EngineMaterials/BaseFlattenNormalMap.uasset" 223
"../../../Engine/Content/EngineMaterials/BaseFlattenNormalMap.uexp" 224
"../../../Engine/Content/EngineMaterials/BaseFlattenGrayscaleMap.uasset" 225
"../../../Engine/Content/EngineMaterials/BaseFlattenGrayscaleMap.uexp" 226
"../../../Engine/Content/EngineMaterials/BaseFlattenDiffuseMap.uasset" 227
"../../../Engine/Content/EngineMaterials/BaseFlattenDiffuseMap.uexp" 228
"../../../Engine/Content/Functions/Engine_MaterialFunctions02/PivotPainter2/Black_1x1_EXR_Texture.uasset" 229
"../../../Engine/Content/Functions/Engine_MaterialFunctions02/PivotPainter2/Black_1x1_EXR_Texture.uexp" 230
"../../../Engine/Content/EngineMaterials/BaseFlattenEmissiveMap.uasset" 231
"../../../Engine/Content/EngineMaterials/BaseFlattenEmissiveMap.uexp" 232
"../../../Engine/Content/EngineMaterials/BaseFlattenLinearColor.uasset" 233
"../../../Engine/Content/EngineMaterials/BaseFlattenLinearColor.uexp" 234
"../../../Engine/Content/EngineMaterials/FlattenMaterial.uasset" 235
"../../../Engine/Content/EngineMaterials/FlattenMaterial.uexp" 236
"../../../Engine/Content/EngineMaterials/DefaultWhiteGrid_Low.uasset" 237
"../../../Engine/Content/EngineMaterials/DefaultWhiteGrid_Low.uexp" 238
"../../../Engine/Content/EngineMaterials/EmissiveMeshMaterial.uasset" 239
"../../../Engine/Content/EngineMaterials/EmissiveMeshMaterial.uexp" 240
"../../../Engine/Content/EngineMaterials/DefaultWhiteGrid.ubulk" 241
"../../../Engine/Content/EngineMaterials/DefaultWhiteGrid.uasset" 242
"../../../Engine/Content/EngineMaterials/DefaultWhiteGrid.uexp" 243
"../../../Engine/Content/EngineFonts/RobotoDistanceField.uasset" 244
"../../../Engine/Content/EngineFonts/RobotoDistanceField.uexp" 245
"../../../Engine/Content/EngineMaterials/DefaultTextMaterialOpaque.uasset" 246
"../../../Engine/Content/EngineMaterials/DefaultTextMaterialOpaque.uexp" 247
"../../../Engine/Content/EngineMaterials/DefaultDiffuse.ubulk" 248
"../../../Engine/Content/EngineMaterials/DefaultDiffuse.uasset" 249
"../../../Engine/Content/EngineMaterials/DefaultDiffuse.uexp" 250
"../../../Engine/Content/Functions/Engine_MaterialFunctions02/Utility/BreakOutFloat2Components.uasset" 251
"../../../Engine/Content/Functions/Engine_MaterialFunctions02/Utility/BreakOutFloat2Components.uexp" 252
"../../../Engine/Content/EngineMaterials/DefaultPostProcessMaterial.uasset" 253
"../../../Engine/Content/EngineMaterials/DefaultPostProcessMaterial.uexp" 254
"../../../Engine/Content/EngineMaterials/DefaultPhysicalMaterial.uasset" 255
"../../../Engine/Content/EngineMaterials/DefaultPhysicalMaterial.uexp" 256
"../../../Engine/Content/EngineMaterials/DefaultLightFunctionMaterial.uasset" 257
"../../../Engine/Content/EngineMaterials/DefaultLightFunctionMaterial.uexp" 258
"../../../Engine/Content/EngineMaterials/DefaultDestructiblePhysicalMaterial.uasset" 259
"../../../Engine/Content/EngineMaterials/DefaultDestructiblePhysicalMaterial.uexp" 260
"../../../Engine/Content/EngineMaterials/DefaultDeferredDecalMaterial.uasset" 261
"../../../Engine/Content/EngineMaterials/DefaultDeferredDecalMaterial.uexp" 262
"../../../Engine/Content/EngineMaterials/DefaultBokeh.uasset" 263
"../../../Engine/Content/EngineMaterials/DefaultBokeh.uexp" 264
"../../../Engine/Content/EngineMaterials/DefaultBloomKernel.uasset" 265
"../../../Engine/Content/EngineMaterials/DefaultBloomKernel.uexp" 266
"../../../Engine/Content/EngineMaterials/BlueNoise.uasset" 267
"../../../Engine/Content/EngineMaterials/BlueNoise.uexp" 268
"../../../Engine/Content/EngineMeshes/Sphere.ubulk" 269
"../../../Engine/Content/EngineMeshes/Sphere.uasset" 270
"../../../Engine/Content/EngineMeshes/Sphere.uexp" 271
"../../../Engine/Content/EngineResources/GradientTexture0.uasset" 272
"../../../Engine/Content/EngineResources/GradientTexture0.uexp" 273
"../../../Engine/Content/EngineResources/DefaultVolumeTexture2D.uasset" 274
"../../../Engine/Content/EngineResources/DefaultVolumeTexture2D.uexp" 275
"../../../Engine/Content/EngineResources/DefaultVolumeTexture.uasset" 276
"../../../Engine/Content/EngineResources/DefaultVolumeTexture.uexp" 277
"../../../Engine/Content/EngineResources/DefaultTextureCube.uasset" 278
"../../../Engine/Content/EngineResources/DefaultTextureCube.uexp" 279
"../../../Engine/Content/EngineResources/DefaultTexture.ubulk" 280
"../../../Engine/Content/EngineResources/DefaultTexture.uasset" 281
"../../../Engine/Content/EngineResources/DefaultTexture.uexp" 282
"../../../Engine/Content/EngineResources/Black.uasset" 283
"../../../Engine/Content/EngineResources/Black.uexp" 284
"../../../Engine/Content/EngineResources/FilmGrains/Marcie_Grain_v3_128_M2_000.uasset" 285
"../../../Engine/Content/EngineResources/FilmGrains/Marcie_Grain_v3_128_M2_000.uexp" 286
"../../../Engine/Content/EngineSky/VolumetricClouds/CloudWeatherTexture.uasset" 287
"../../../Engine/Content/EngineSky/VolumetricClouds/CloudWeatherTexture.uexp" 288
"../../../Engine/Content/Functions/Engine_MaterialFunctions02/Utility/MakeFloat2.uasset" 289
"../../../Engine/Content/Functions/Engine_MaterialFunctions02/Utility/MakeFloat2.uexp" 290
"../../../Engine/Content/EngineSky/VolumetricClouds/CloudGradientTexture.uasset" 291
"../../../Engine/Content/EngineSky/VolumetricClouds/CloudGradientTexture.uexp" 292
"../../../Engine/Content/EngineSky/VolumetricClouds/T_NoiseShape64.ubulk" 293
"../../../Engine/Content/EngineSky/VolumetricClouds/T_NoiseShape64.uasset" 294
"../../../Engine/Content/EngineSky/VolumetricClouds/T_NoiseShape64.uexp" 295
"../../../Engine/Content/EngineSky/VolumetricClouds/T_VolumeNoiseShape64.uasset" 296
"../../../Engine/Content/EngineSky/VolumetricClouds/T_VolumeNoiseShape64.uexp" 297
"../../../Engine/Content/EngineSky/VolumetricClouds/T_NoiseErosion.ubulk" 298
"../../../Engine/Content/EngineSky/VolumetricClouds/T_NoiseErosion.uasset" 299
"../../../Engine/Content/EngineSky/VolumetricClouds/T_NoiseErosion.uexp" 300
"../../../Engine/Content/EngineSky/VolumetricClouds/T_VolumeNoiseErosion32.uasset" 301
"../../../Engine/Content/EngineSky/VolumetricClouds/T_VolumeNoiseErosion32.uexp" 302
"../../../Engine/Content/EngineSky/VolumetricClouds/m_SimpleVolumetricCloud.uasset" 303
"../../../Engine/Content/EngineSky/VolumetricClouds/m_SimpleVolumetricCloud.uexp" 304
"../../../Engine/Content/EngineSky/VolumetricClouds/m_SimpleVolumetricCloud_Inst.uasset" 305
"../../../Engine/Content/EngineSky/VolumetricClouds/m_SimpleVolumetricCloud_Inst.uexp" 306
"../../../Engine/Content/EngineSounds/Master.uasset" 307
"../../../Engine/Content/EngineSounds/Master.uexp" 308
"../../../Engine/Content/Functions/Engine_MaterialFunctions01/Shading/PowerToRoughness.uasset" 309
"../../../Engine/Content/Functions/Engine_MaterialFunctions01/Shading/PowerToRoughness.uexp" 310
"../../../Engine/Content/Functions/Engine_MaterialFunctions01/Shading/ConvertFromDiffSpec.uasset" 311
"../../../Engine/Content/Functions/Engine_MaterialFunctions01/Shading/ConvertFromDiffSpec.uexp" 312
"../../../Engine/Content/MobileResources/HUD/VirtualJoystick_Background.uasset" 313
"../../../Engine/Content/MobileResources/HUD/VirtualJoystick_Background.uexp" 314
"../../../Engine/Content/MobileResources/HUD/VirtualJoystick_Thumb.uasset" 315
"../../../Engine/Content/MobileResources/HUD/VirtualJoystick_Thumb.uexp" 316
"../../../Engine/Content/MobileResources/HUD/DefaultVirtualJoysticks.uasset" 317
"../../../Engine/Content/MobileResources/HUD/DefaultVirtualJoysticks.uexp" 318
"../../../Engine/Content/Tutorial/ContentIntroCurve.uasset" 319
"../../../Engine/Content/Tutorial/ContentIntroCurve.uexp" 320
"../../../Engine/Content/VREditor/TransformGizmo/Main.uasset" 321
"../../../Engine/Content/VREditor/TransformGizmo/Main.uexp" 322
"../../../Engine/Content/VREditor/TransformGizmo/Xray.uasset" 323
"../../../Engine/Content/VREditor/TransformGizmo/Xray.uexp" 324
"../../../Engine/Content/VREditor/TransformGizmo/SM_Sequencer_Node.ubulk" 325
"../../../Engine/Content/VREditor/TransformGizmo/SM_Sequencer_Node.uasset" 326
"../../../Engine/Content/VREditor/TransformGizmo/SM_Sequencer_Node.uexp" 327
"../../../Engine/Content/VREditor/LaserPointer/VR_LaserPower_01.ubulk" 328
"../../../Engine/Content/VREditor/LaserPointer/VR_LaserPower_01.uasset" 329
"../../../Engine/Content/VREditor/LaserPointer/VR_LaserPower_01.uexp" 330
"../../../Engine/Content/VREditor/TransformGizmo/TransformGizmoMaterial.uasset" 331
"../../../Engine/Content/VREditor/TransformGizmo/TransformGizmoMaterial.uexp" 332
"../../../Engine/Content/VREditor/TransformGizmo/TranslucentTransformGizmoMaterial.uasset" 333
"../../../Engine/Content/VREditor/TransformGizmo/TranslucentTransformGizmoMaterial.uexp" 334
"../../../Engine/Content/VREditor/TransformGizmo/PlaneTranslationHandle.ubulk" 335
"../../../Engine/Content/VREditor/TransformGizmo/PlaneTranslationHandle.uasset" 336
"../../../Engine/Content/VREditor/TransformGizmo/PlaneTranslationHandle.uexp" 337
"../../../Engine/Content/VREditor/TransformGizmo/BoundingBoxEdge.ubulk" 338
"../../../Engine/Content/VREditor/TransformGizmo/BoundingBoxEdge.uasset" 339
"../../../Engine/Content/VREditor/TransformGizmo/BoundingBoxEdge.uexp" 340
"../../../Engine/Content/VREditor/TransformGizmo/BoundingBoxCorner.ubulk" 341
"../../../Engine/Content/VREditor/TransformGizmo/BoundingBoxCorner.uasset" 342
"../../../Engine/Content/VREditor/TransformGizmo/BoundingBoxCorner.uexp" 343
"../../../Engine/Plugins/2D/Paper2D/Content/PlaceholderTextures/DummySpriteTexture.ubulk" 344
"../../../Engine/Plugins/2D/Paper2D/Content/PlaceholderTextures/DummySpriteTexture.uasset" 345
"../../../Engine/Plugins/2D/Paper2D/Content/PlaceholderTextures/DummySpriteTexture.uexp" 346
"../../../Engine/Plugins/2D/Paper2D/Content/DefaultSpriteMaterial.uasset" 347
"../../../Engine/Plugins/2D/Paper2D/Content/DefaultSpriteMaterial.uexp" 348
"../../../Engine/Plugins/2D/Paper2D/Content/OpaqueUnlitSpriteMaterial.uasset" 349
"../../../Engine/Plugins/2D/Paper2D/Content/OpaqueUnlitSpriteMaterial.uexp" 350
"../../../Engine/Plugins/2D/Paper2D/Content/MaskedUnlitSpriteMaterial.uasset" 351
"../../../Engine/Plugins/2D/Paper2D/Content/MaskedUnlitSpriteMaterial.uexp" 352
"../../../Engine/Plugins/2D/Paper2D/Content/DummySprite.uasset" 353
"../../../Engine/Plugins/2D/Paper2D/Content/DummySprite.uexp" 354
"../../../Engine/Plugins/2D/Paper2D/Content/DefaultPaperTerrainMaterial.uasset" 355
"../../../Engine/Plugins/2D/Paper2D/Content/DefaultPaperTerrainMaterial.uexp" 356
"../../../Engine/Plugins/Animation/ControlRig/Content/M_Manip.uasset" 357
"../../../Engine/Plugins/Animation/ControlRig/Content/M_Manip.uexp" 358
"../../../Engine/Plugins/Animation/ControlRig/Content/Controls/DefaultGizmoLibraryNormalized.uasset" 359
"../../../Engine/Plugins/Animation/ControlRig/Content/Controls/DefaultGizmoLibraryNormalized.uexp" 360
"../../../Engine/Plugins/Animation/ControlRig/Content/Controls/ControlRig_Wedge_solid.ubulk" 361
"../../../Engine/Plugins/Animation/ControlRig/Content/Controls/ControlRig_Wedge_solid.uasset" 362
"../../../Engine/Plugins/Animation/ControlRig/Content/Controls/ControlRig_Wedge_solid.uexp" 363
"../../../Engine/Plugins/Animation/ControlRig/Content/Controls/ControlRig_Wedge_3mm.ubulk" 364
"../../../Engine/Plugins/Animation/ControlRig/Content/Controls/ControlRig_Wedge_3mm.uasset" 365
"../../../Engine/Plugins/Animation/ControlRig/Content/Controls/ControlRig_Wedge_3mm.uexp" 366
"../../../Engine/Plugins/Animation/ControlRig/Content/Controls/ControlRig_Wedge_1mm.ubulk" 367
"../../../Engine/Plugins/Animation/ControlRig/Content/Controls/ControlRig_Wedge_1mm.uasset" 368
"../../../Engine/Plugins/Animation/ControlRig/Content/Controls/ControlRig_Wedge_1mm.uexp" 369
"../../../Engine/Plugins/Animation/ControlRig/Content/Controls/ControlRig_Triangle_solid.ubulk" 370
"../../../Engine/Plugins/Animation/ControlRig/Content/Controls/ControlRig_Triangle_solid.uasset" 371
"../../../Engine/Plugins/Animation/ControlRig/Content/Controls/ControlRig_Triangle_solid.uexp" 372
"../../../Engine/Plugins/Animation/ControlRig/Content/Controls/ControlRig_Triangle_3mm.ubulk" 373
"../../../Engine/Plugins/Animation/ControlRig/Content/Controls/ControlRig_Triangle_3mm.uasset" 374
"../../../Engine/Plugins/Animation/ControlRig/Content/Controls/ControlRig_Triangle_3mm.uexp" 375
"../../../Engine/Plugins/Animation/ControlRig/Content/Controls/ControlRig_Triangle_1mm.ubulk" 376
"../../../Engine/Plugins/Animation/ControlRig/Content/Controls/ControlRig_Triangle_1mm.uasset" 377
"../../../Engine/Plugins/Animation/ControlRig/Content/Controls/ControlRig_Triangle_1mm.uexp" 378
"../../../Engine/Plugins/Animation/ControlRig/Content/Controls/ControlRig_Star4_solid.ubulk" 379
"../../../Engine/Plugins/Animation/ControlRig/Content/Controls/ControlRig_Star4_solid.uasset" 380
"../../../Engine/Plugins/Animation/ControlRig/Content/Controls/ControlRig_Star4_solid.uexp" 381
"../../../Engine/Plugins/Animation/ControlRig/Content/Controls/ControlRig_Star4_3mm.ubulk" 382
"../../../Engine/Plugins/Animation/ControlRig/Content/Controls/ControlRig_Star4_3mm.uasset" 383
"../../../Engine/Plugins/Animation/ControlRig/Content/Controls/ControlRig_Star4_3mm.uexp" 384
"../../../Engine/Plugins/Animation/ControlRig/Content/Controls/ControlRig_Star4_1mm.ubulk" 385
"../../../Engine/Plugins/Animation/ControlRig/Content/Controls/ControlRig_Star4_1mm.uasset" 386
"../../../Engine/Plugins/Animation/ControlRig/Content/Controls/ControlRig_Star4_1mm.uexp" 387
"../../../Engine/Plugins/Animation/ControlRig/Content/Controls/ControlRig_Square_solid.ubulk" 388
"../../../Engine/Plugins/Animation/ControlRig/Content/Controls/ControlRig_Square_solid.uasset" 389
"../../../Engine/Plugins/Animation/ControlRig/Content/Controls/ControlRig_Square_solid.uexp" 390
"../../../Engine/Plugins/Animation/ControlRig/Content/Controls/ControlRig_Square_3mm.ubulk" 391
"../../../Engine/Plugins/Animation/ControlRig/Content/Controls/ControlRig_Square_3mm.uasset" 392
"../../../Engine/Plugins/Animation/ControlRig/Content/Controls/ControlRig_Square_3mm.uexp" 393
"../../../Engine/Plugins/Animation/ControlRig/Content/Controls/ControlRig_Square_1mm.ubulk" 394
"../../../Engine/Plugins/Animation/ControlRig/Content/Controls/ControlRig_Square_1mm.uasset" 395
"../../../Engine/Plugins/Animation/ControlRig/Content/Controls/ControlRig_Square_1mm.uexp" 396
"../../../Engine/Plugins/Animation/ControlRig/Content/Controls/ControlRig_Sphere_solid.ubulk" 397
"../../../Engine/Plugins/Animation/ControlRig/Content/Controls/ControlRig_Sphere_solid.uasset" 398
"../../../Engine/Plugins/Animation/ControlRig/Content/Controls/ControlRig_Sphere_solid.uexp" 399
"../../../Engine/Plugins/Animation/ControlRig/Content/Controls/ControlRig_Sphere_3mm.ubulk" 400
"../../../Engine/Plugins/Animation/ControlRig/Content/Controls/ControlRig_Sphere_3mm.uasset" 401
"../../../Engine/Plugins/Animation/ControlRig/Content/Controls/ControlRig_Sphere_3mm.uexp" 402
"../../../Engine/Plugins/Animation/ControlRig/Content/Controls/ControlRig_Sphere_1mm.ubulk" 403
"../../../Engine/Plugins/Animation/ControlRig/Content/Controls/ControlRig_Sphere_1mm.uasset" 404
"../../../Engine/Plugins/Animation/ControlRig/Content/Controls/ControlRig_Sphere_1mm.uexp" 405
"../../../Engine/Plugins/Animation/ControlRig/Content/Controls/ControlRig_RoundedTriangle_solid.ubulk" 406
"../../../Engine/Plugins/Animation/ControlRig/Content/Controls/ControlRig_RoundedTriangle_solid.uasset" 407
"../../../Engine/Plugins/Animation/ControlRig/Content/Controls/ControlRig_RoundedTriangle_solid.uexp" 408
"../../../Engine/Plugins/Animation/ControlRig/Content/Controls/ControlRig_RoundedTriangle_3mm.ubulk" 409
"../../../Engine/Plugins/Animation/ControlRig/Content/Controls/ControlRig_RoundedTriangle_3mm.uasset" 410
"../../../Engine/Plugins/Animation/ControlRig/Content/Controls/ControlRig_RoundedTriangle_3mm.uexp" 411
"../../../Engine/Plugins/Animation/ControlRig/Content/Controls/ControlRig_RoundedTriangle_1mm.ubulk" 412
"../../../Engine/Plugins/Animation/ControlRig/Content/Controls/ControlRig_RoundedTriangle_1mm.uasset" 413
"../../../Engine/Plugins/Animation/ControlRig/Content/Controls/ControlRig_RoundedTriangle_1mm.uexp" 414
"../../../Engine/Plugins/Animation/ControlRig/Content/Controls/ControlRig_RoundedSquare_solid.ubulk" 415
"../../../Engine/Plugins/Animation/ControlRig/Content/Controls/ControlRig_RoundedSquare_solid.uasset" 416
"../../../Engine/Plugins/Animation/ControlRig/Content/Controls/ControlRig_RoundedSquare_solid.uexp" 417
"../../../Engine/Plugins/Animation/ControlRig/Content/Controls/ControlRig_RoundedSquare_3mm.ubulk" 418
"../../../Engine/Plugins/Animation/ControlRig/Content/Controls/ControlRig_RoundedSquare_3mm.uasset" 419
"../../../Engine/Plugins/Animation/ControlRig/Content/Controls/ControlRig_RoundedSquare_3mm.uexp" 420
"../../../Engine/Plugins/Animation/ControlRig/Content/Controls/ControlRig_RoundedSquare_1mm.ubulk" 421
"../../../Engine/Plugins/Animation/ControlRig/Content/Controls/ControlRig_RoundedSquare_1mm.uasset" 422
"../../../Engine/Plugins/Animation/ControlRig/Content/Controls/ControlRig_RoundedSquare_1mm.uexp" 423
"../../../Engine/Plugins/Animation/ControlRig/Content/Controls/ControlRig_QuarterCircle_solid.ubulk" 424
"../../../Engine/Plugins/Animation/ControlRig/Content/Controls/ControlRig_QuarterCircle_solid.uasset" 425
"../../../Engine/Plugins/Animation/ControlRig/Content/Controls/ControlRig_QuarterCircle_solid.uexp" 426
"../../../Engine/Plugins/Animation/ControlRig/Content/Controls/ControlRig_QuarterCircle_3mm.ubulk" 427
"../../../Engine/Plugins/Animation/ControlRig/Content/Controls/ControlRig_QuarterCircle_3mm.uasset" 428
"../../../Engine/Plugins/Animation/ControlRig/Content/Controls/ControlRig_QuarterCircle_3mm.uexp" 429
"../../../Engine/Plugins/Animation/ControlRig/Content/Controls/ControlRig_QuarterCircle_1mm.ubulk" 430
"../../../Engine/Plugins/Animation/ControlRig/Content/Controls/ControlRig_QuarterCircle_1mm.uasset" 431
"../../../Engine/Plugins/Animation/ControlRig/Content/Controls/ControlRig_QuarterCircle_1mm.uexp" 432
"../../../Engine/Plugins/Animation/ControlRig/Content/Controls/ControlRig_Pyramid_solid.ubulk" 433
"../../../Engine/Plugins/Animation/ControlRig/Content/Controls/ControlRig_Pyramid_solid.uasset" 434
"../../../Engine/Plugins/Animation/ControlRig/Content/Controls/ControlRig_Pyramid_solid.uexp" 435
"../../../Engine/Plugins/Animation/ControlRig/Content/Controls/ControlRig_Pyramid_3mm.ubulk" 436
"../../../Engine/Plugins/Animation/ControlRig/Content/Controls/ControlRig_Pyramid_3mm.uasset" 437
"../../../Engine/Plugins/Animation/ControlRig/Content/Controls/ControlRig_Pyramid_3mm.uexp" 438
"../../../Engine/Plugins/Animation/ControlRig/Content/Controls/ControlRig_Pyramid_1mm.ubulk" 439
"../../../Engine/Plugins/Animation/ControlRig/Content/Controls/ControlRig_Pyramid_1mm.uasset" 440
"../../../Engine/Plugins/Animation/ControlRig/Content/Controls/ControlRig_Pyramid_1mm.uexp" 441
"../../../Engine/Plugins/Animation/ControlRig/Content/Controls/ControlRig_Octagon_solid.ubulk" 442
"../../../Engine/Plugins/Animation/ControlRig/Content/Controls/ControlRig_Octagon_solid.uasset" 443
"../../../Engine/Plugins/Animation/ControlRig/Content/Controls/ControlRig_Octagon_solid.uexp" 444
"../../../Engine/Plugins/Animation/ControlRig/Content/Controls/ControlRig_Octagon_3mm.ubulk" 445
"../../../Engine/Plugins/Animation/ControlRig/Content/Controls/ControlRig_Octagon_3mm.uasset" 446
"../../../Engine/Plugins/Animation/ControlRig/Content/Controls/ControlRig_Octagon_3mm.uexp" 447
"../../../Engine/Plugins/Animation/ControlRig/Content/Controls/ControlRig_Octagon_1mm.ubulk" 448
"../../../Engine/Plugins/Animation/ControlRig/Content/Controls/ControlRig_Octagon_1mm.uasset" 449
"../../../Engine/Plugins/Animation/ControlRig/Content/Controls/ControlRig_Octagon_1mm.uexp" 450
"../../../Engine/Plugins/Animation/ControlRig/Content/Controls/ControlRig_Hexagon_solid.ubulk" 451
"../../../Engine/Plugins/Animation/ControlRig/Content/Controls/ControlRig_Hexagon_solid.uasset" 452
"../../../Engine/Plugins/Animation/ControlRig/Content/Controls/ControlRig_Hexagon_solid.uexp" 453
"../../../Engine/Plugins/Animation/ControlRig/Content/Controls/ControlRig_Hexagon_3mm.ubulk" 454
"../../../Engine/Plugins/Animation/ControlRig/Content/Controls/ControlRig_Hexagon_3mm.uasset" 455
"../../../Engine/Plugins/Animation/ControlRig/Content/Controls/ControlRig_Hexagon_3mm.uexp" 456
"../../../Engine/Plugins/Animation/ControlRig/Content/Controls/ControlRig_Hexagon_1mm.ubulk" 457
"../../../Engine/Plugins/Animation/ControlRig/Content/Controls/ControlRig_Hexagon_1mm.uasset" 458
"../../../Engine/Plugins/Animation/ControlRig/Content/Controls/ControlRig_Hexagon_1mm.uexp" 459
"../../../Engine/Plugins/Animation/ControlRig/Content/Controls/ControlRig_HalfCircle_solid.ubulk" 460
"../../../Engine/Plugins/Animation/ControlRig/Content/Controls/ControlRig_HalfCircle_solid.uasset" 461
"../../../Engine/Plugins/Animation/ControlRig/Content/Controls/ControlRig_HalfCircle_solid.uexp" 462
"../../../Engine/Plugins/Animation/ControlRig/Content/Controls/ControlRig_HalfCircle_3mm.ubulk" 463
"../../../Engine/Plugins/Animation/ControlRig/Content/Controls/ControlRig_HalfCircle_3mm.uasset" 464
"../../../Engine/Plugins/Animation/ControlRig/Content/Controls/ControlRig_HalfCircle_3mm.uexp" 465
"../../../Engine/Plugins/Animation/ControlRig/Content/Controls/ControlRig_HalfCircle_1mm.ubulk" 466
"../../../Engine/Plugins/Animation/ControlRig/Content/Controls/ControlRig_HalfCircle_1mm.uasset" 467
"../../../Engine/Plugins/Animation/ControlRig/Content/Controls/ControlRig_HalfCircle_1mm.uexp" 468
"../../../Engine/Plugins/Animation/ControlRig/Content/Controls/ControlRig_Diamond_solid.ubulk" 469
"../../../Engine/Plugins/Animation/ControlRig/Content/Controls/ControlRig_Diamond_solid.uasset" 470
"../../../Engine/Plugins/Animation/ControlRig/Content/Controls/ControlRig_Diamond_solid.uexp" 471
"../../../Engine/Plugins/Animation/ControlRig/Content/Controls/ControlRig_Diamond_3mm.ubulk" 472
"../../../Engine/Plugins/Animation/ControlRig/Content/Controls/ControlRig_Diamond_3mm.uasset" 473
"../../../Engine/Plugins/Animation/ControlRig/Content/Controls/ControlRig_Diamond_3mm.uexp" 474
"../../../Engine/Plugins/Animation/ControlRig/Content/Controls/ControlRig_Diamond_1mm.ubulk" 475
"../../../Engine/Plugins/Animation/ControlRig/Content/Controls/ControlRig_Diamond_1mm.uasset" 476
"../../../Engine/Plugins/Animation/ControlRig/Content/Controls/ControlRig_Diamond_1mm.uexp" 477
"../../../Engine/Plugins/Animation/ControlRig/Content/Controls/ControlRig_Circle_solid.ubulk" 478
"../../../Engine/Plugins/Animation/ControlRig/Content/Controls/ControlRig_Circle_solid.uasset" 479
"../../../Engine/Plugins/Animation/ControlRig/Content/Controls/ControlRig_Circle_solid.uexp" 480
"../../../Engine/Plugins/Animation/ControlRig/Content/Controls/ControlRig_Circle_3mm.ubulk" 481
"../../../Engine/Plugins/Animation/ControlRig/Content/Controls/ControlRig_Circle_3mm.uasset" 482
"../../../Engine/Plugins/Animation/ControlRig/Content/Controls/ControlRig_Circle_3mm.uexp" 483
"../../../Engine/Plugins/Animation/ControlRig/Content/Controls/ControlRig_Circle_1mm.ubulk" 484
"../../../Engine/Plugins/Animation/ControlRig/Content/Controls/ControlRig_Circle_1mm.uasset" 485
"../../../Engine/Plugins/Animation/ControlRig/Content/Controls/ControlRig_Circle_1mm.uexp" 486
"../../../Engine/Plugins/Animation/ControlRig/Content/Controls/ControlRig_Box_solid.ubulk" 487
"../../../Engine/Plugins/Animation/ControlRig/Content/Controls/ControlRig_Box_solid.uasset" 488
"../../../Engine/Plugins/Animation/ControlRig/Content/Controls/ControlRig_Box_solid.uexp" 489
"../../../Engine/Plugins/Animation/ControlRig/Content/Controls/ControlRig_Box_3mm.ubulk" 490
"../../../Engine/Plugins/Animation/ControlRig/Content/Controls/ControlRig_Box_3mm.uasset" 491
"../../../Engine/Plugins/Animation/ControlRig/Content/Controls/ControlRig_Box_3mm.uexp" 492
"../../../Engine/Plugins/Animation/ControlRig/Content/Controls/ControlRig_Box_1mm.ubulk" 493
"../../../Engine/Plugins/Animation/ControlRig/Content/Controls/ControlRig_Box_1mm.uasset" 494
"../../../Engine/Plugins/Animation/ControlRig/Content/Controls/ControlRig_Box_1mm.uexp" 495
"../../../Engine/Plugins/Animation/ControlRig/Content/Controls/ControlRig_Arrow_solid.ubulk" 496
"../../../Engine/Plugins/Animation/ControlRig/Content/Controls/ControlRig_Arrow_solid.uasset" 497
"../../../Engine/Plugins/Animation/ControlRig/Content/Controls/ControlRig_Arrow_solid.uexp" 498
"../../../Engine/Plugins/Animation/ControlRig/Content/Controls/ControlRig_Arrow_3mm.ubulk" 499
"../../../Engine/Plugins/Animation/ControlRig/Content/Controls/ControlRig_Arrow_3mm.uasset" 500
"../../../Engine/Plugins/Animation/ControlRig/Content/Controls/ControlRig_Arrow_3mm.uexp" 501
"../../../Engine/Plugins/Animation/ControlRig/Content/Controls/ControlRig_Arrow_1mm.ubulk" 502
"../../../Engine/Plugins/Animation/ControlRig/Content/Controls/ControlRig_Arrow_1mm.uasset" 503
"../../../Engine/Plugins/Animation/ControlRig/Content/Controls/ControlRig_Arrow_1mm.uexp" 504
"../../../Engine/Plugins/Animation/ControlRig/Content/Controls/ControlRig_Arrow4_solid.ubulk" 505
"../../../Engine/Plugins/Animation/ControlRig/Content/Controls/ControlRig_Arrow4_solid.uasset" 506
"../../../Engine/Plugins/Animation/ControlRig/Content/Controls/ControlRig_Arrow4_solid.uexp" 507
"../../../Engine/Plugins/Animation/ControlRig/Content/Controls/ControlRig_Arrow4_3mm.ubulk" 508
"../../../Engine/Plugins/Animation/ControlRig/Content/Controls/ControlRig_Arrow4_3mm.uasset" 509
"../../../Engine/Plugins/Animation/ControlRig/Content/Controls/ControlRig_Arrow4_3mm.uexp" 510
"../../../Engine/Plugins/Animation/ControlRig/Content/Controls/ControlRig_Arrow4_1mm.ubulk" 511
"../../../Engine/Plugins/Animation/ControlRig/Content/Controls/ControlRig_Arrow4_1mm.uasset" 512
"../../../Engine/Plugins/Animation/ControlRig/Content/Controls/ControlRig_Arrow4_1mm.uexp" 513
"../../../Engine/Plugins/Animation/ControlRig/Content/Controls/ControlRig_Arrow2_solid.ubulk" 514
"../../../Engine/Plugins/Animation/ControlRig/Content/Controls/ControlRig_Arrow2_solid.uasset" 515
"../../../Engine/Plugins/Animation/ControlRig/Content/Controls/ControlRig_Arrow2_solid.uexp" 516
"../../../Engine/Plugins/Animation/ControlRig/Content/Controls/ControlRig_Arrow2_3mm.ubulk" 517
"../../../Engine/Plugins/Animation/ControlRig/Content/Controls/ControlRig_Arrow2_3mm.uasset" 518
"../../../Engine/Plugins/Animation/ControlRig/Content/Controls/ControlRig_Arrow2_3mm.uexp" 519
"../../../Engine/Plugins/Animation/ControlRig/Content/Controls/ControlRig_Arrow2_1mm.ubulk" 520
"../../../Engine/Plugins/Animation/ControlRig/Content/Controls/ControlRig_Arrow2_1mm.uasset" 521
"../../../Engine/Plugins/Animation/ControlRig/Content/Controls/ControlRig_Arrow2_1mm.uexp" 522
"../../../Engine/Plugins/Animation/ControlRig/Content/Controls/ControlRigGizmoMaterial.uasset" 523
"../../../Engine/Plugins/Animation/ControlRig/Content/Controls/ControlRigGizmoMaterial.uexp" 524
"../../../Engine/Plugins/Editor/SpeedTreeImporter/Content/SpeedTree9/game_wind_noise.ubulk" 525
"../../../Engine/Plugins/Editor/SpeedTreeImporter/Content/SpeedTree9/game_wind_noise.uasset" 526
"../../../Engine/Plugins/Editor/SpeedTreeImporter/Content/SpeedTree9/game_wind_noise.uexp" 527
"../../../Engine/Plugins/Editor/SpeedTreeImporter/Content/SpeedTree9/UnpackDirection.uasset" 528
"../../../Engine/Plugins/Editor/SpeedTreeImporter/Content/SpeedTree9/UnpackDirection.uexp" 529
"../../../Engine/Content/Functions/Engine_MaterialFunctions02/ObjectLocalBounds.uasset" 530
"../../../Engine/Content/Functions/Engine_MaterialFunctions02/ObjectLocalBounds.uexp" 531
"../../../Engine/Content/Functions/Engine_MaterialFunctions02/UVs/BoundingBoxBased_0-1_UVW.uasset" 532
"../../../Engine/Content/Functions/Engine_MaterialFunctions02/UVs/BoundingBoxBased_0-1_UVW.uexp" 533
"../../../Engine/Content/Functions/Engine_MaterialFunctions02/Utility/VectorLength.uasset" 534
"../../../Engine/Content/Functions/Engine_MaterialFunctions02/Utility/VectorLength.uexp" 535
"../../../Engine/Plugins/Editor/SpeedTreeImporter/Content/SpeedTree9/UnpackInteger3.uasset" 536
"../../../Engine/Plugins/Editor/SpeedTreeImporter/Content/SpeedTree9/UnpackInteger3.uexp" 537
"../../../Engine/Plugins/Editor/SpeedTreeImporter/Content/SpeedTree9/SpeedTreeCameraFacing.uasset" 538
"../../../Engine/Plugins/Editor/SpeedTreeImporter/Content/SpeedTree9/SpeedTreeCameraFacing.uexp" 539
"../../../Engine/Content/Functions/Engine_MaterialFunctions02/WorldPositionOffset/ObjectScale.uasset" 540
"../../../Engine/Content/Functions/Engine_MaterialFunctions02/WorldPositionOffset/ObjectScale.uexp" 541
"../../../Engine/Content/Functions/Engine_MaterialFunctions02/SafeNormalize.uasset" 542
"../../../Engine/Content/Functions/Engine_MaterialFunctions02/SafeNormalize.uexp" 543
"../../../Engine/Plugins/Editor/SpeedTreeImporter/Content/SpeedTree9/SpeedTreeWindMotion.uasset" 544
"../../../Engine/Plugins/Editor/SpeedTreeImporter/Content/SpeedTree9/SpeedTreeWindMotion.uexp" 545
"../../../Engine/Plugins/Editor/SpeedTreeImporter/Content/SpeedTree9/SpeedTreeBranchMotion.uasset" 546
"../../../Engine/Plugins/Editor/SpeedTreeImporter/Content/SpeedTree9/SpeedTreeBranchMotion.uexp" 547
"../../../Engine/Plugins/Editor/SpeedTreeImporter/Content/SpeedTree9/SpeedTreeWind.uasset" 548
"../../../Engine/Plugins/Editor/SpeedTreeImporter/Content/SpeedTree9/SpeedTreeWind.uexp" 549
"../../../Engine/Plugins/Editor/SpeedTreeImporter/Content/SpeedTree9/EmptyNormal.uasset" 550
"../../../Engine/Plugins/Editor/SpeedTreeImporter/Content/SpeedTree9/EmptyNormal.uexp" 551
"../../../Engine/Plugins/Editor/SpeedTreeImporter/Content/SpeedTree9/Empty.uasset" 552
"../../../Engine/Plugins/Editor/SpeedTreeImporter/Content/SpeedTree9/Empty.uexp" 553
"../../../Engine/Plugins/Editor/SpeedTreeImporter/Content/SpeedTree9/SpeedTreeMaster.uasset" 554
"../../../Engine/Plugins/Editor/SpeedTreeImporter/Content/SpeedTree9/SpeedTreeMaster.uexp" 555
"../../../Engine/Plugins/Editor/SpeedTreeImporter/Content/SpeedTree9/SpeedTreeBillboard.uasset" 556
"../../../Engine/Plugins/Editor/SpeedTreeImporter/Content/SpeedTree9/SpeedTreeBillboard.uexp" 557
"../../../Engine/Plugins/Editor/SpeedTreeImporter/Content/SpeedTree9/SpeedTreeBillboardMaster.uasset" 558
"../../../Engine/Plugins/Editor/SpeedTreeImporter/Content/SpeedTree9/SpeedTreeBillboardMaster.uexp" 559
"../../../Engine/Plugins/Runtime/HairStrands/Content/Materials/HairMeshesDefaultMaterial.uasset" 560
"../../../Engine/Plugins/Runtime/HairStrands/Content/Materials/HairMeshesDefaultMaterial.uexp" 561
"../../../Engine/Plugins/Runtime/HairStrands/Content/Materials/HairDefaultMaterial.uasset" 562
"../../../Engine/Plugins/Runtime/HairStrands/Content/Materials/HairDefaultMaterial.uexp" 563
"../../../Engine/Plugins/Runtime/HairStrands/Content/Materials/HairGroupColors.uasset" 564
"../../../Engine/Plugins/Runtime/HairStrands/Content/Materials/HairGroupColors.uexp" 565
"../../../Engine/Content/EngineMaterials/HairColorMap.uasset" 566
"../../../Engine/Content/EngineMaterials/HairColorMap.uexp" 567
"../../../Engine/Content/EngineMaterials/HairDebugColor.uasset" 568
"../../../Engine/Content/EngineMaterials/HairDebugColor.uexp" 569
"../../../Engine/Plugins/Runtime/HairStrands/Content/Materials/HairDebugMaterial.uasset" 570
"../../../Engine/Plugins/Runtime/HairStrands/Content/Materials/HairDebugMaterial.uexp" 571
"../../../Engine/Plugins/Runtime/HairStrands/Content/Materials/HairCardsDefaultMaterial.uasset" 572
"../../../Engine/Plugins/Runtime/HairStrands/Content/Materials/HairCardsDefaultMaterial.uexp" 573
"../../../Engine/Content/Maps/Entry_BuiltData.uasset" 574
"../../../Engine/Content/Maps/Entry_BuiltData.uexp" 575
"../../../Engine/Content/Maps/Entry.uexp" 576
"../../../Engine/Content/Maps/Entry.umap" 577
"../../../Engine/Content/EditorBlueprintResources/StandardMacros.uasset" 578
"../../../Engine/Content/EditorBlueprintResources/StandardMacros.uexp" 579
"C:/Users/reece/Documents/Unreal Projects/ToyTrain/Content/Blueprints/Widgets/W_Button.uasset" 580
"C:/Users/reece/Documents/Unreal Projects/ToyTrain/Content/Blueprints/Widgets/W_Button.uexp" 581
"C:/Users/reece/Documents/Unreal Projects/ToyTrain/Content/Blueprints/Widgets/W_GameOverScreen.uasset" 582
"C:/Users/reece/Documents/Unreal Projects/ToyTrain/Content/Blueprints/Widgets/W_GameOverScreen.uexp" 583
"C:/Users/reece/Documents/Unreal Projects/ToyTrain/Content/Blueprints/Widgets/W_WinScreen.uasset" 584
"C:/Users/reece/Documents/Unreal Projects/ToyTrain/Content/Blueprints/Widgets/W_WinScreen.uexp" 585
"C:/Users/reece/Documents/Unreal Projects/ToyTrain/Content/Blueprints/Inputs/IA_Pause.uasset" 586
"C:/Users/reece/Documents/Unreal Projects/ToyTrain/Content/Blueprints/Inputs/IA_Pause.uexp" 587
"C:/Users/reece/Documents/Unreal Projects/ToyTrain/Content/Blueprints/Inputs/IA_Forward.uasset" 588
"C:/Users/reece/Documents/Unreal Projects/ToyTrain/Content/Blueprints/Inputs/IA_Forward.uexp" 589
"C:/Users/reece/Documents/Unreal Projects/ToyTrain/Content/Blueprints/BP_Timer.uasset" 590
"C:/Users/reece/Documents/Unreal Projects/ToyTrain/Content/Blueprints/BP_Timer.uexp" 591
"C:/Users/reece/Documents/Unreal Projects/ToyTrain/Content/Blueprints/GM_Player.uasset" 592
"C:/Users/reece/Documents/Unreal Projects/ToyTrain/Content/Blueprints/GM_Player.uexp" 593
"C:/Users/reece/Documents/Unreal Projects/ToyTrain/Content/Blueprints/Widgets/W_Timer.uasset" 594
"C:/Users/reece/Documents/Unreal Projects/ToyTrain/Content/Blueprints/Widgets/W_Timer.uexp" 595
"C:/Users/reece/Documents/Unreal Projects/ToyTrain/Content/Materials/M_PlasticMaster.uasset" 596
"C:/Users/reece/Documents/Unreal Projects/ToyTrain/Content/Materials/M_PlasticMaster.uexp" 597
"C:/Users/reece/Documents/Unreal Projects/ToyTrain/Content/Materials/MI_PlasticBrown.uasset" 598
"C:/Users/reece/Documents/Unreal Projects/ToyTrain/Content/Materials/MI_PlasticBrown.uexp" 599
"C:/Users/reece/Documents/Unreal Projects/ToyTrain/Content/Materials/MI_PlasticGrey.uasset" 600
"C:/Users/reece/Documents/Unreal Projects/ToyTrain/Content/Materials/MI_PlasticGrey.uexp" 601
"C:/Users/reece/Documents/Unreal Projects/ToyTrain/Content/Train/Mesh/SM_Track.ubulk" 602
"C:/Users/reece/Documents/Unreal Projects/ToyTrain/Content/Train/Mesh/SM_Track.uasset" 603
"C:/Users/reece/Documents/Unreal Projects/ToyTrain/Content/Train/Mesh/SM_Track.uexp" 604
"C:/Users/reece/Documents/Unreal Projects/ToyTrain/Content/Train/TrackSpline_2.uasset" 605
"C:/Users/reece/Documents/Unreal Projects/ToyTrain/Content/Train/TrackSpline_2.uexp" 606
"C:/Users/reece/Documents/Unreal Projects/ToyTrain/Content/Materials/MI_PlasticBlue.uasset" 607
"C:/Users/reece/Documents/Unreal Projects/ToyTrain/Content/Materials/MI_PlasticBlue.uexp" 608
"C:/Users/reece/Documents/Unreal Projects/ToyTrain/Content/Train/Mesh/SM_Train2.ubulk" 609
"C:/Users/reece/Documents/Unreal Projects/ToyTrain/Content/Train/Mesh/SM_Train2.uasset" 610
"C:/Users/reece/Documents/Unreal Projects/ToyTrain/Content/Train/Mesh/SM_Train2.uexp" 611
"C:/Users/reece/Documents/Unreal Projects/ToyTrain/Content/Blueprints/Inputs/IA_Horn.uasset" 612
"C:/Users/reece/Documents/Unreal Projects/ToyTrain/Content/Blueprints/Inputs/IA_Horn.uexp" 613
"C:/Users/reece/Documents/Unreal Projects/ToyTrain/Content/Blueprints/Inputs/IA_Brake.uasset" 614
"C:/Users/reece/Documents/Unreal Projects/ToyTrain/Content/Blueprints/Inputs/IA_Brake.uexp" 615
"C:/Users/reece/Documents/Unreal Projects/ToyTrain/Content/Blueprints/Inputs/IMC_Train.uasset" 616
"C:/Users/reece/Documents/Unreal Projects/ToyTrain/Content/Blueprints/Inputs/IMC_Train.uexp" 617
"C:/Users/reece/Documents/Unreal Projects/ToyTrain/Content/Audio/WAV_CarHorn.ubulk" 618
"C:/Users/reece/Documents/Unreal Projects/ToyTrain/Content/Audio/WAV_CarHorn.uasset" 619
"C:/Users/reece/Documents/Unreal Projects/ToyTrain/Content/Audio/WAV_CarHorn.uexp" 620
"C:/Users/reece/Documents/Unreal Projects/ToyTrain/Content/Audio/SC_CarHorn.uasset" 621
"C:/Users/reece/Documents/Unreal Projects/ToyTrain/Content/Audio/SC_CarHorn.uexp" 622
"C:/Users/reece/Documents/Unreal Projects/ToyTrain/Content/Train/TrainPawn_2.uasset" 623
"C:/Users/reece/Documents/Unreal Projects/ToyTrain/Content/Train/TrainPawn_2.uexp" 624
"C:/Users/reece/Documents/Unreal Projects/ToyTrain/Content/Blueprints/Widgets/W_HUD.uasset" 625
"C:/Users/reece/Documents/Unreal Projects/ToyTrain/Content/Blueprints/Widgets/W_HUD.uexp" 626
"C:/Users/reece/Documents/Unreal Projects/ToyTrain/Content/Blueprints/BP_PlayerCharacter.uasset" 627
"C:/Users/reece/Documents/Unreal Projects/ToyTrain/Content/Blueprints/BP_PlayerCharacter.uexp" 628
"C:/Users/reece/Documents/Unreal Projects/ToyTrain/Content/Blueprints/Widgets/W_PauseMenu.uasset" 629
"C:/Users/reece/Documents/Unreal Projects/ToyTrain/Content/Blueprints/Widgets/W_PauseMenu.uexp" 630
"C:/Users/reece/Documents/Unreal Projects/ToyTrain/Content/Blueprints/BP_GameInstance.uasset" 631
"C:/Users/reece/Documents/Unreal Projects/ToyTrain/Content/Blueprints/BP_GameInstance.uexp" 632
"C:/Users/reece/Documents/Unreal Projects/ToyTrain/Content/Blueprints/BP_WinGoal.uasset" 633
"C:/Users/reece/Documents/Unreal Projects/ToyTrain/Content/Blueprints/BP_WinGoal.uexp" 634
"C:/Users/reece/Documents/Unreal Projects/ToyTrain/Content/Textures/DoorFrame/SM_DoorFrame_1001_OcclusionRoughnessMetallic.ubulk" 635
"C:/Users/reece/Documents/Unreal Projects/ToyTrain/Content/Textures/DoorFrame/SM_DoorFrame_1001_OcclusionRoughnessMetallic.uasset" 636
"C:/Users/reece/Documents/Unreal Projects/ToyTrain/Content/Textures/DoorFrame/SM_DoorFrame_1001_OcclusionRoughnessMetallic.uexp" 637
"C:/Users/reece/Documents/Unreal Projects/ToyTrain/Content/Textures/DoorFrame/SM_DoorFrame_1001_Normal.ubulk" 638
"C:/Users/reece/Documents/Unreal Projects/ToyTrain/Content/Textures/DoorFrame/SM_DoorFrame_1001_Normal.uasset" 639
"C:/Users/reece/Documents/Unreal Projects/ToyTrain/Content/Textures/DoorFrame/SM_DoorFrame_1001_Normal.uexp" 640
"C:/Users/reece/Documents/Unreal Projects/ToyTrain/Content/Textures/DoorFrame/SM_DoorFrame_1001_BaseColor.ubulk" 641
"C:/Users/reece/Documents/Unreal Projects/ToyTrain/Content/Textures/DoorFrame/SM_DoorFrame_1001_BaseColor.uasset" 642
"C:/Users/reece/Documents/Unreal Projects/ToyTrain/Content/Textures/DoorFrame/SM_DoorFrame_1001_BaseColor.uexp" 643
"C:/Users/reece/Documents/Unreal Projects/ToyTrain/Content/Materials/DoorFrame.uasset" 644
"C:/Users/reece/Documents/Unreal Projects/ToyTrain/Content/Materials/DoorFrame.uexp" 645
"C:/Users/reece/Documents/Unreal Projects/ToyTrain/Content/Meshes/SM_DoorFrame.ubulk" 646
"C:/Users/reece/Documents/Unreal Projects/ToyTrain/Content/Meshes/SM_DoorFrame.uasset" 647
"C:/Users/reece/Documents/Unreal Projects/ToyTrain/Content/Meshes/SM_DoorFrame.uexp" 648
"C:/Users/reece/Documents/Unreal Projects/ToyTrain/Content/Textures/Wall/Wall1/Wall_Wall_None_BaseColor.ubulk" 649
"C:/Users/reece/Documents/Unreal Projects/ToyTrain/Content/Textures/Wall/Wall1/Wall_Wall_None_BaseColor.uasset" 650
"C:/Users/reece/Documents/Unreal Projects/ToyTrain/Content/Textures/Wall/Wall1/Wall_Wall_None_BaseColor.uexp" 651
"C:/Users/reece/Documents/Unreal Projects/ToyTrain/Content/Textures/Wall/Wall1/Wall_Wall_None_Normal.ubulk" 652
"C:/Users/reece/Documents/Unreal Projects/ToyTrain/Content/Textures/Wall/Wall1/Wall_Wall_None_Normal.uasset" 653
"C:/Users/reece/Documents/Unreal Projects/ToyTrain/Content/Textures/Wall/Wall1/Wall_Wall_None_Normal.uexp" 654
"C:/Users/reece/Documents/Unreal Projects/ToyTrain/Content/Textures/Wall/Wall1/Wall_Wall_None_OcclusionRoughnessMetallic.ubulk" 655
"C:/Users/reece/Documents/Unreal Projects/ToyTrain/Content/Textures/Wall/Wall1/Wall_Wall_None_OcclusionRoughnessMetallic.uasset" 656
"C:/Users/reece/Documents/Unreal Projects/ToyTrain/Content/Textures/Wall/Wall1/Wall_Wall_None_OcclusionRoughnessMetallic.uexp" 657
"C:/Users/reece/Documents/Unreal Projects/ToyTrain/Content/Materials/Walls/Wall.uasset" 658
"C:/Users/reece/Documents/Unreal Projects/ToyTrain/Content/Materials/Walls/Wall.uexp" 659
"C:/Users/reece/Documents/Unreal Projects/ToyTrain/Content/Meshes/NewModels/SM_Floor.ubulk" 660
"C:/Users/reece/Documents/Unreal Projects/ToyTrain/Content/Meshes/NewModels/SM_Floor.uasset" 661
"C:/Users/reece/Documents/Unreal Projects/ToyTrain/Content/Meshes/NewModels/SM_Floor.uexp" 662
"C:/Users/reece/Documents/Unreal Projects/ToyTrain/Content/Textures/Floor/Carpet/SM_Floor_Floor_None1_BaseColor.ubulk" 663
"C:/Users/reece/Documents/Unreal Projects/ToyTrain/Content/Textures/Floor/Carpet/SM_Floor_Floor_None1_BaseColor.uasset" 664
"C:/Users/reece/Documents/Unreal Projects/ToyTrain/Content/Textures/Floor/Carpet/SM_Floor_Floor_None1_BaseColor.uexp" 665
"C:/Users/reece/Documents/Unreal Projects/ToyTrain/Content/Textures/Floor/Carpet/SM_Floor_Floor_None1_Normal.ubulk" 666
"C:/Users/reece/Documents/Unreal Projects/ToyTrain/Content/Textures/Floor/Carpet/SM_Floor_Floor_None1_Normal.uasset" 667
"C:/Users/reece/Documents/Unreal Projects/ToyTrain/Content/Textures/Floor/Carpet/SM_Floor_Floor_None1_Normal.uexp" 668
"C:/Users/reece/Documents/Unreal Projects/ToyTrain/Content/Textures/Floor/Carpet/SM_Floor_Floor_None1_OcclusionRoughnessMetallic.ubulk" 669
"C:/Users/reece/Documents/Unreal Projects/ToyTrain/Content/Textures/Floor/Carpet/SM_Floor_Floor_None1_OcclusionRoughnessMetallic.uasset" 670
"C:/Users/reece/Documents/Unreal Projects/ToyTrain/Content/Textures/Floor/Carpet/SM_Floor_Floor_None1_OcclusionRoughnessMetallic.uexp" 671
"C:/Users/reece/Documents/Unreal Projects/ToyTrain/Content/Materials/Carpet.uasset" 672
"C:/Users/reece/Documents/Unreal Projects/ToyTrain/Content/Materials/Carpet.uexp" 673
"C:/Users/reece/Documents/Unreal Projects/ToyTrain/Content/Textures/Bunkbed/BunkBed_BunkBed_None1_BaseColor.ubulk" 674
"C:/Users/reece/Documents/Unreal Projects/ToyTrain/Content/Textures/Bunkbed/BunkBed_BunkBed_None1_BaseColor.uasset" 675
"C:/Users/reece/Documents/Unreal Projects/ToyTrain/Content/Textures/Bunkbed/BunkBed_BunkBed_None1_BaseColor.uexp" 676
"C:/Users/reece/Documents/Unreal Projects/ToyTrain/Content/Textures/Bunkbed/BunkBed_BunkBed_None1_Normal.ubulk" 677
"C:/Users/reece/Documents/Unreal Projects/ToyTrain/Content/Textures/Bunkbed/BunkBed_BunkBed_None1_Normal.uasset" 678
"C:/Users/reece/Documents/Unreal Projects/ToyTrain/Content/Textures/Bunkbed/BunkBed_BunkBed_None1_Normal.uexp" 679
"C:/Users/reece/Documents/Unreal Projects/ToyTrain/Content/Textures/Bunkbed/BunkBed_BunkBed_None1_OcclusionRoughnessMetallic.ubulk" 680
"C:/Users/reece/Documents/Unreal Projects/ToyTrain/Content/Textures/Bunkbed/BunkBed_BunkBed_None1_OcclusionRoughnessMetallic.uasset" 681
"C:/Users/reece/Documents/Unreal Projects/ToyTrain/Content/Textures/Bunkbed/BunkBed_BunkBed_None1_OcclusionRoughnessMetallic.uexp" 682
"C:/Users/reece/Documents/Unreal Projects/ToyTrain/Content/Materials/Bunkbed.uasset" 683
"C:/Users/reece/Documents/Unreal Projects/ToyTrain/Content/Materials/Bunkbed.uexp" 684
"C:/Users/reece/Documents/Unreal Projects/ToyTrain/Content/Meshes/BunkBed.ubulk" 685
"C:/Users/reece/Documents/Unreal Projects/ToyTrain/Content/Meshes/BunkBed.uasset" 686
"C:/Users/reece/Documents/Unreal Projects/ToyTrain/Content/Meshes/BunkBed.uexp" 687
"C:/Users/reece/Documents/Unreal Projects/ToyTrain/Content/Textures/Door/Door_Door_None_Normal.ubulk" 688
"C:/Users/reece/Documents/Unreal Projects/ToyTrain/Content/Textures/Door/Door_Door_None_Normal.uasset" 689
"C:/Users/reece/Documents/Unreal Projects/ToyTrain/Content/Textures/Door/Door_Door_None_Normal.uexp" 690
"C:/Users/reece/Documents/Unreal Projects/ToyTrain/Content/Textures/Door/Door_Door_None_OcclusionRoughnessMetallic.ubulk" 691
"C:/Users/reece/Documents/Unreal Projects/ToyTrain/Content/Textures/Door/Door_Door_None_OcclusionRoughnessMetallic.uasset" 692
"C:/Users/reece/Documents/Unreal Projects/ToyTrain/Content/Textures/Door/Door_Door_None_OcclusionRoughnessMetallic.uexp" 693
"C:/Users/reece/Documents/Unreal Projects/ToyTrain/Content/Textures/Door/Door_Door_None_BaseColor.ubulk" 694
"C:/Users/reece/Documents/Unreal Projects/ToyTrain/Content/Textures/Door/Door_Door_None_BaseColor.uasset" 695
"C:/Users/reece/Documents/Unreal Projects/ToyTrain/Content/Textures/Door/Door_Door_None_BaseColor.uexp" 696
"C:/Users/reece/Documents/Unreal Projects/ToyTrain/Content/Materials/Door.uasset" 697
"C:/Users/reece/Documents/Unreal Projects/ToyTrain/Content/Materials/Door.uexp" 698
"C:/Users/reece/Documents/Unreal Projects/ToyTrain/Content/Meshes/SM_Door.ubulk" 699
"C:/Users/reece/Documents/Unreal Projects/ToyTrain/Content/Meshes/SM_Door.uasset" 700
"C:/Users/reece/Documents/Unreal Projects/ToyTrain/Content/Meshes/SM_Door.uexp" 701
"C:/Users/reece/Documents/Unreal Projects/ToyTrain/Content/Textures/Bedside/SM_BedsideTable_BedsideTable_None1_Normal.ubulk" 702
"C:/Users/reece/Documents/Unreal Projects/ToyTrain/Content/Textures/Bedside/SM_BedsideTable_BedsideTable_None1_Normal.uasset" 703
"C:/Users/reece/Documents/Unreal Projects/ToyTrain/Content/Textures/Bedside/SM_BedsideTable_BedsideTable_None1_Normal.uexp" 704
"C:/Users/reece/Documents/Unreal Projects/ToyTrain/Content/Textures/Bedside/SM_BedsideTable_BedsideTable_None1_OcclusionRoughnessMetallic.ubulk" 705
"C:/Users/reece/Documents/Unreal Projects/ToyTrain/Content/Textures/Bedside/SM_BedsideTable_BedsideTable_None1_OcclusionRoughnessMetallic.uasset" 706
"C:/Users/reece/Documents/Unreal Projects/ToyTrain/Content/Textures/Bedside/SM_BedsideTable_BedsideTable_None1_OcclusionRoughnessMetallic.uexp" 707
"C:/Users/reece/Documents/Unreal Projects/ToyTrain/Content/Textures/Bedside/SM_BedsideTable_BedsideTable_None1_BaseColor.ubulk" 708
"C:/Users/reece/Documents/Unreal Projects/ToyTrain/Content/Textures/Bedside/SM_BedsideTable_BedsideTable_None1_BaseColor.uasset" 709
"C:/Users/reece/Documents/Unreal Projects/ToyTrain/Content/Textures/Bedside/SM_BedsideTable_BedsideTable_None1_BaseColor.uexp" 710
"C:/Users/reece/Documents/Unreal Projects/ToyTrain/Content/Materials/Bedside.uasset" 711
"C:/Users/reece/Documents/Unreal Projects/ToyTrain/Content/Materials/Bedside.uexp" 712
"C:/Users/reece/Documents/Unreal Projects/ToyTrain/Content/Meshes/NewModels/SM_BedsideTable.ubulk" 713
"C:/Users/reece/Documents/Unreal Projects/ToyTrain/Content/Meshes/NewModels/SM_BedsideTable.uasset" 714
"C:/Users/reece/Documents/Unreal Projects/ToyTrain/Content/Meshes/NewModels/SM_BedsideTable.uexp" 715
"C:/Users/reece/Documents/Unreal Projects/ToyTrain/Content/Textures/Wardrobe/SM_Wardrobe_1001_OcclusionRoughnessMetallic.ubulk" 716
"C:/Users/reece/Documents/Unreal Projects/ToyTrain/Content/Textures/Wardrobe/SM_Wardrobe_1001_OcclusionRoughnessMetallic.uasset" 717
"C:/Users/reece/Documents/Unreal Projects/ToyTrain/Content/Textures/Wardrobe/SM_Wardrobe_1001_OcclusionRoughnessMetallic.uexp" 718
"C:/Users/reece/Documents/Unreal Projects/ToyTrain/Content/Textures/Wardrobe/SM_Wardrobe_1001_Normal.ubulk" 719
"C:/Users/reece/Documents/Unreal Projects/ToyTrain/Content/Textures/Wardrobe/SM_Wardrobe_1001_Normal.uasset" 720
"C:/Users/reece/Documents/Unreal Projects/ToyTrain/Content/Textures/Wardrobe/SM_Wardrobe_1001_Normal.uexp" 721
"C:/Users/reece/Documents/Unreal Projects/ToyTrain/Content/Textures/Wardrobe/SM_Wardrobe_1001_BaseColor.ubulk" 722
"C:/Users/reece/Documents/Unreal Projects/ToyTrain/Content/Textures/Wardrobe/SM_Wardrobe_1001_BaseColor.uasset" 723
"C:/Users/reece/Documents/Unreal Projects/ToyTrain/Content/Textures/Wardrobe/SM_Wardrobe_1001_BaseColor.uexp" 724
"C:/Users/reece/Documents/Unreal Projects/ToyTrain/Content/Materials/Wardrobe.uasset" 725
"C:/Users/reece/Documents/Unreal Projects/ToyTrain/Content/Materials/Wardrobe.uexp" 726
"C:/Users/reece/Documents/Unreal Projects/ToyTrain/Content/Textures/Floor/Ceiling/SM_Floor_Floor_None1_BaseColor.ubulk" 727
"C:/Users/reece/Documents/Unreal Projects/ToyTrain/Content/Textures/Floor/Ceiling/SM_Floor_Floor_None1_BaseColor.uasset" 728
"C:/Users/reece/Documents/Unreal Projects/ToyTrain/Content/Textures/Floor/Ceiling/SM_Floor_Floor_None1_BaseColor.uexp" 729
"C:/Users/reece/Documents/Unreal Projects/ToyTrain/Content/Textures/Floor/Ceiling/SM_Floor_Floor_None1_Normal.ubulk" 730
"C:/Users/reece/Documents/Unreal Projects/ToyTrain/Content/Textures/Floor/Ceiling/SM_Floor_Floor_None1_Normal.uasset" 731
"C:/Users/reece/Documents/Unreal Projects/ToyTrain/Content/Textures/Floor/Ceiling/SM_Floor_Floor_None1_Normal.uexp" 732
"C:/Users/reece/Documents/Unreal Projects/ToyTrain/Content/Textures/Floor/Ceiling/SM_Floor_Floor_None1_OcclusionRoughnessMetallic.ubulk" 733
"C:/Users/reece/Documents/Unreal Projects/ToyTrain/Content/Textures/Floor/Ceiling/SM_Floor_Floor_None1_OcclusionRoughnessMetallic.uasset" 734
"C:/Users/reece/Documents/Unreal Projects/ToyTrain/Content/Textures/Floor/Ceiling/SM_Floor_Floor_None1_OcclusionRoughnessMetallic.uexp" 735
"C:/Users/reece/Documents/Unreal Projects/ToyTrain/Content/Materials/Ceiling.uasset" 736
"C:/Users/reece/Documents/Unreal Projects/ToyTrain/Content/Materials/Ceiling.uexp" 737
"C:/Users/reece/Documents/Unreal Projects/ToyTrain/Content/Textures/2x2Shelf/SM_2x2Shelf_x2Shelf_None1_Normal.ubulk" 738
"C:/Users/reece/Documents/Unreal Projects/ToyTrain/Content/Textures/2x2Shelf/SM_2x2Shelf_x2Shelf_None1_Normal.uasset" 739
"C:/Users/reece/Documents/Unreal Projects/ToyTrain/Content/Textures/2x2Shelf/SM_2x2Shelf_x2Shelf_None1_Normal.uexp" 740
"C:/Users/reece/Documents/Unreal Projects/ToyTrain/Content/Textures/2x2Shelf/SM_2x2Shelf_x2Shelf_None1_OcclusionRoughnessMetallic.ubulk" 741
"C:/Users/reece/Documents/Unreal Projects/ToyTrain/Content/Textures/2x2Shelf/SM_2x2Shelf_x2Shelf_None1_OcclusionRoughnessMetallic.uasset" 742
"C:/Users/reece/Documents/Unreal Projects/ToyTrain/Content/Textures/2x2Shelf/SM_2x2Shelf_x2Shelf_None1_OcclusionRoughnessMetallic.uexp" 743
"C:/Users/reece/Documents/Unreal Projects/ToyTrain/Content/Textures/2x2Shelf/SM_2x2Shelf_x2Shelf_None1_BaseColor.ubulk" 744
"C:/Users/reece/Documents/Unreal Projects/ToyTrain/Content/Textures/2x2Shelf/SM_2x2Shelf_x2Shelf_None1_BaseColor.uasset" 745
"C:/Users/reece/Documents/Unreal Projects/ToyTrain/Content/Textures/2x2Shelf/SM_2x2Shelf_x2Shelf_None1_BaseColor.uexp" 746
"C:/Users/reece/Documents/Unreal Projects/ToyTrain/Content/Materials/2x2Shelf.uasset" 747
"C:/Users/reece/Documents/Unreal Projects/ToyTrain/Content/Materials/2x2Shelf.uexp" 748
"C:/Users/reece/Documents/Unreal Projects/ToyTrain/Content/Meshes/NewModels/SM_Wardrobe.ubulk" 749
"C:/Users/reece/Documents/Unreal Projects/ToyTrain/Content/Meshes/NewModels/SM_Wardrobe.uasset" 750
"C:/Users/reece/Documents/Unreal Projects/ToyTrain/Content/Meshes/NewModels/SM_Wardrobe.uexp" 751
"C:/Users/reece/Documents/Unreal Projects/ToyTrain/Content/Textures/Lamp/Lamp_Lamp_None_OcclusionRoughnessMetallic.ubulk" 752
"C:/Users/reece/Documents/Unreal Projects/ToyTrain/Content/Textures/Lamp/Lamp_Lamp_None_OcclusionRoughnessMetallic.uasset" 753
"C:/Users/reece/Documents/Unreal Projects/ToyTrain/Content/Textures/Lamp/Lamp_Lamp_None_OcclusionRoughnessMetallic.uexp" 754
"C:/Users/reece/Documents/Unreal Projects/ToyTrain/Content/Textures/Lamp/Lamp_Lamp_None_Normal.ubulk" 755
"C:/Users/reece/Documents/Unreal Projects/ToyTrain/Content/Textures/Lamp/Lamp_Lamp_None_Normal.uasset" 756
"C:/Users/reece/Documents/Unreal Projects/ToyTrain/Content/Textures/Lamp/Lamp_Lamp_None_Normal.uexp" 757
"C:/Users/reece/Documents/Unreal Projects/ToyTrain/Content/Textures/Lamp/Lamp_Lamp_None_BaseColor.ubulk" 758
"C:/Users/reece/Documents/Unreal Projects/ToyTrain/Content/Textures/Lamp/Lamp_Lamp_None_BaseColor.uasset" 759
"C:/Users/reece/Documents/Unreal Projects/ToyTrain/Content/Textures/Lamp/Lamp_Lamp_None_BaseColor.uexp" 760
"C:/Users/reece/Documents/Unreal Projects/ToyTrain/Content/Materials/Lamp.uasset" 761
"C:/Users/reece/Documents/Unreal Projects/ToyTrain/Content/Materials/Lamp.uexp" 762
"C:/Users/reece/Documents/Unreal Projects/ToyTrain/Content/Meshes/Lamp.ubulk" 763
"C:/Users/reece/Documents/Unreal Projects/ToyTrain/Content/Meshes/Lamp.uasset" 764
"C:/Users/reece/Documents/Unreal Projects/ToyTrain/Content/Meshes/Lamp.uexp" 765
"C:/Users/reece/Documents/Unreal Projects/ToyTrain/Content/Meshes/WallUV.ubulk" 766
"C:/Users/reece/Documents/Unreal Projects/ToyTrain/Content/Meshes/WallUV.uasset" 767
"C:/Users/reece/Documents/Unreal Projects/ToyTrain/Content/Meshes/WallUV.uexp" 768
"C:/Users/reece/Documents/Unreal Projects/ToyTrain/Content/Textures/Station/SM_Station_StationUV_None1_Normal.ubulk" 769
"C:/Users/reece/Documents/Unreal Projects/ToyTrain/Content/Textures/Station/SM_Station_StationUV_None1_Normal.uasset" 770
"C:/Users/reece/Documents/Unreal Projects/ToyTrain/Content/Textures/Station/SM_Station_StationUV_None1_Normal.uexp" 771
"C:/Users/reece/Documents/Unreal Projects/ToyTrain/Content/Textures/Station/SM_Station_StationUV_None1_BaseColor.ubulk" 772
"C:/Users/reece/Documents/Unreal Projects/ToyTrain/Content/Textures/Station/SM_Station_StationUV_None1_BaseColor.uasset" 773
"C:/Users/reece/Documents/Unreal Projects/ToyTrain/Content/Textures/Station/SM_Station_StationUV_None1_BaseColor.uexp" 774
"C:/Users/reece/Documents/Unreal Projects/ToyTrain/Content/Textures/Station/SM_Station_StationUV_None1_OcclusionRoughnessMetallic.ubulk" 775
"C:/Users/reece/Documents/Unreal Projects/ToyTrain/Content/Textures/Station/SM_Station_StationUV_None1_OcclusionRoughnessMetallic.uasset" 776
"C:/Users/reece/Documents/Unreal Projects/ToyTrain/Content/Textures/Station/SM_Station_StationUV_None1_OcclusionRoughnessMetallic.uexp" 777
"C:/Users/reece/Documents/Unreal Projects/ToyTrain/Content/Materials/Station.uasset" 778
"C:/Users/reece/Documents/Unreal Projects/ToyTrain/Content/Materials/Station.uexp" 779
"C:/Users/reece/Documents/Unreal Projects/ToyTrain/Content/Meshes/SM_Station.ubulk" 780
"C:/Users/reece/Documents/Unreal Projects/ToyTrain/Content/Meshes/SM_Station.uasset" 781
"C:/Users/reece/Documents/Unreal Projects/ToyTrain/Content/Meshes/SM_Station.uexp" 782
"C:/Users/reece/Documents/Unreal Projects/ToyTrain/Content/Textures/Tree/Tree_None_OcclusionRoughnessMetallic.ubulk" 783
"C:/Users/reece/Documents/Unreal Projects/ToyTrain/Content/Textures/Tree/Tree_None_OcclusionRoughnessMetallic.uasset" 784
"C:/Users/reece/Documents/Unreal Projects/ToyTrain/Content/Textures/Tree/Tree_None_OcclusionRoughnessMetallic.uexp" 785
"C:/Users/reece/Documents/Unreal Projects/ToyTrain/Content/Textures/Tree/Tree_None_BaseColor.ubulk" 786
"C:/Users/reece/Documents/Unreal Projects/ToyTrain/Content/Textures/Tree/Tree_None_BaseColor.uasset" 787
"C:/Users/reece/Documents/Unreal Projects/ToyTrain/Content/Textures/Tree/Tree_None_BaseColor.uexp" 788
"C:/Users/reece/Documents/Unreal Projects/ToyTrain/Content/Textures/Tree/Tree_None_Normal.ubulk" 789
"C:/Users/reece/Documents/Unreal Projects/ToyTrain/Content/Textures/Tree/Tree_None_Normal.uasset" 790
"C:/Users/reece/Documents/Unreal Projects/ToyTrain/Content/Textures/Tree/Tree_None_Normal.uexp" 791
"C:/Users/reece/Documents/Unreal Projects/ToyTrain/Content/Materials/Tree.uasset" 792
"C:/Users/reece/Documents/Unreal Projects/ToyTrain/Content/Materials/Tree.uexp" 793
"C:/Users/reece/Documents/Unreal Projects/ToyTrain/Content/Meshes/Tree.ubulk" 794
"C:/Users/reece/Documents/Unreal Projects/ToyTrain/Content/Meshes/Tree.uasset" 795
"C:/Users/reece/Documents/Unreal Projects/ToyTrain/Content/Meshes/Tree.uexp" 796
"../../../Engine/Content/BasicShapes/Cube.ubulk" 797
"../../../Engine/Content/BasicShapes/Cube.uasset" 798
"../../../Engine/Content/BasicShapes/Cube.uexp" 799
"../../../Engine/Content/BasicShapes/BasicShapeMaterial.uasset" 800
"../../../Engine/Content/BasicShapes/BasicShapeMaterial.uexp" 801
"C:/Users/reece/Documents/Unreal Projects/ToyTrain/Content/Blueprints/BP_HazardMaster.uasset" 802
"C:/Users/reece/Documents/Unreal Projects/ToyTrain/Content/Blueprints/BP_HazardMaster.uexp" 803
"C:/Users/reece/Documents/Unreal Projects/ToyTrain/Content/Blueprints/BP_HazardTree.uasset" 804
"C:/Users/reece/Documents/Unreal Projects/ToyTrain/Content/Blueprints/BP_HazardTree.uexp" 805
"C:/Users/reece/Documents/Unreal Projects/ToyTrain/Content/Textures/StopWatch/StopWatch_StopWatch_None_Normal.ubulk" 806
"C:/Users/reece/Documents/Unreal Projects/ToyTrain/Content/Textures/StopWatch/StopWatch_StopWatch_None_Normal.uasset" 807
"C:/Users/reece/Documents/Unreal Projects/ToyTrain/Content/Textures/StopWatch/StopWatch_StopWatch_None_Normal.uexp" 808
"C:/Users/reece/Documents/Unreal Projects/ToyTrain/Content/Textures/StopWatch/StopWatch_StopWatch_None_BaseColor.ubulk" 809
"C:/Users/reece/Documents/Unreal Projects/ToyTrain/Content/Textures/StopWatch/StopWatch_StopWatch_None_BaseColor.uasset" 810
"C:/Users/reece/Documents/Unreal Projects/ToyTrain/Content/Textures/StopWatch/StopWatch_StopWatch_None_BaseColor.uexp" 811
"C:/Users/reece/Documents/Unreal Projects/ToyTrain/Content/Textures/StopWatch/StopWatch_StopWatch_None_OcclusionRoughnessMetallic.ubulk" 812
"C:/Users/reece/Documents/Unreal Projects/ToyTrain/Content/Textures/StopWatch/StopWatch_StopWatch_None_OcclusionRoughnessMetallic.uasset" 813
"C:/Users/reece/Documents/Unreal Projects/ToyTrain/Content/Textures/StopWatch/StopWatch_StopWatch_None_OcclusionRoughnessMetallic.uexp" 814
"C:/Users/reece/Documents/Unreal Projects/ToyTrain/Content/Materials/StopWatch.uasset" 815
"C:/Users/reece/Documents/Unreal Projects/ToyTrain/Content/Materials/StopWatch.uexp" 816
"C:/Users/reece/Documents/Unreal Projects/ToyTrain/Content/Meshes/StopWatch.ubulk" 817
"C:/Users/reece/Documents/Unreal Projects/ToyTrain/Content/Meshes/StopWatch.uasset" 818
"C:/Users/reece/Documents/Unreal Projects/ToyTrain/Content/Meshes/StopWatch.uexp" 819
"C:/Users/reece/Documents/Unreal Projects/ToyTrain/Content/Blueprints/BP_TimePickup.uasset" 820
"C:/Users/reece/Documents/Unreal Projects/ToyTrain/Content/Blueprints/BP_TimePickup.uexp" 821
"C:/Users/reece/Documents/Unreal Projects/ToyTrain/Content/Textures/Pig/Pig_Pig_None_Normal.ubulk" 822
"C:/Users/reece/Documents/Unreal Projects/ToyTrain/Content/Textures/Pig/Pig_Pig_None_Normal.uasset" 823
"C:/Users/reece/Documents/Unreal Projects/ToyTrain/Content/Textures/Pig/Pig_Pig_None_Normal.uexp" 824
"C:/Users/reece/Documents/Unreal Projects/ToyTrain/Content/Textures/Pig/Pig_Pig_None_OcclusionRoughnessMetallic.ubulk" 825
"C:/Users/reece/Documents/Unreal Projects/ToyTrain/Content/Textures/Pig/Pig_Pig_None_OcclusionRoughnessMetallic.uasset" 826
"C:/Users/reece/Documents/Unreal Projects/ToyTrain/Content/Textures/Pig/Pig_Pig_None_OcclusionRoughnessMetallic.uexp" 827
"C:/Users/reece/Documents/Unreal Projects/ToyTrain/Content/Textures/Pig/Pig_Pig_None_BaseColor.ubulk" 828
"C:/Users/reece/Documents/Unreal Projects/ToyTrain/Content/Textures/Pig/Pig_Pig_None_BaseColor.uasset" 829
"C:/Users/reece/Documents/Unreal Projects/ToyTrain/Content/Textures/Pig/Pig_Pig_None_BaseColor.uexp" 830
"C:/Users/reece/Documents/Unreal Projects/ToyTrain/Content/Materials/Pig.uasset" 831
"C:/Users/reece/Documents/Unreal Projects/ToyTrain/Content/Materials/Pig.uexp" 832
"C:/Users/reece/Documents/Unreal Projects/ToyTrain/Content/Meshes/Pig.ubulk" 833
"C:/Users/reece/Documents/Unreal Projects/ToyTrain/Content/Meshes/Pig.uasset" 834
"C:/Users/reece/Documents/Unreal Projects/ToyTrain/Content/Meshes/Pig.uexp" 835
"C:/Users/reece/Documents/Unreal Projects/ToyTrain/Content/Blueprints/BP_HazardPig.uasset" 836
"C:/Users/reece/Documents/Unreal Projects/ToyTrain/Content/Blueprints/BP_HazardPig.uexp" 837
"C:/Users/reece/Documents/Unreal Projects/ToyTrain/Content/Textures/DWALL/DWALL3/DoorwayWall_DoorWayWall_None_BaseColor.ubulk" 838
"C:/Users/reece/Documents/Unreal Projects/ToyTrain/Content/Textures/DWALL/DWALL3/DoorwayWall_DoorWayWall_None_BaseColor.uasset" 839
"C:/Users/reece/Documents/Unreal Projects/ToyTrain/Content/Textures/DWALL/DWALL3/DoorwayWall_DoorWayWall_None_BaseColor.uexp" 840
"C:/Users/reece/Documents/Unreal Projects/ToyTrain/Content/Textures/DWALL/DWALL3/DoorwayWall_DoorWayWall_None_OcclusionRoughnessMetallic.ubulk" 841
"C:/Users/reece/Documents/Unreal Projects/ToyTrain/Content/Textures/DWALL/DWALL3/DoorwayWall_DoorWayWall_None_OcclusionRoughnessMetallic.uasset" 842
"C:/Users/reece/Documents/Unreal Projects/ToyTrain/Content/Textures/DWALL/DWALL3/DoorwayWall_DoorWayWall_None_OcclusionRoughnessMetallic.uexp" 843
"C:/Users/reece/Documents/Unreal Projects/ToyTrain/Content/Textures/DWALL/DWALL3/DoorwayWall_DoorWayWall_None_Normal.ubulk" 844
"C:/Users/reece/Documents/Unreal Projects/ToyTrain/Content/Textures/DWALL/DWALL3/DoorwayWall_DoorWayWall_None_Normal.uasset" 845
"C:/Users/reece/Documents/Unreal Projects/ToyTrain/Content/Textures/DWALL/DWALL3/DoorwayWall_DoorWayWall_None_Normal.uexp" 846
"C:/Users/reece/Documents/Unreal Projects/ToyTrain/Content/Materials/Walls/DWALL.uasset" 847
"C:/Users/reece/Documents/Unreal Projects/ToyTrain/Content/Materials/Walls/DWALL.uexp" 848
"C:/Users/reece/Documents/Unreal Projects/ToyTrain/Content/Textures/Buffer/Buffer_Buffer_None_Normal.ubulk" 849
"C:/Users/reece/Documents/Unreal Projects/ToyTrain/Content/Textures/Buffer/Buffer_Buffer_None_Normal.uasset" 850
"C:/Users/reece/Documents/Unreal Projects/ToyTrain/Content/Textures/Buffer/Buffer_Buffer_None_Normal.uexp" 851
"C:/Users/reece/Documents/Unreal Projects/ToyTrain/Content/Textures/Buffer/Buffer_Buffer_None_OcclusionRoughnessMetallic.ubulk" 852
"C:/Users/reece/Documents/Unreal Projects/ToyTrain/Content/Textures/Buffer/Buffer_Buffer_None_OcclusionRoughnessMetallic.uasset" 853
"C:/Users/reece/Documents/Unreal Projects/ToyTrain/Content/Textures/Buffer/Buffer_Buffer_None_OcclusionRoughnessMetallic.uexp" 854
"C:/Users/reece/Documents/Unreal Projects/ToyTrain/Content/Textures/Buffer/Buffer_Buffer_None_BaseColor.ubulk" 855
"C:/Users/reece/Documents/Unreal Projects/ToyTrain/Content/Textures/Buffer/Buffer_Buffer_None_BaseColor.uasset" 856
"C:/Users/reece/Documents/Unreal Projects/ToyTrain/Content/Textures/Buffer/Buffer_Buffer_None_BaseColor.uexp" 857
"C:/Users/reece/Documents/Unreal Projects/ToyTrain/Content/Materials/Trains/Buffer.uasset" 858
"C:/Users/reece/Documents/Unreal Projects/ToyTrain/Content/Materials/Trains/Buffer.uexp" 859
"C:/Users/reece/Documents/Unreal Projects/ToyTrain/Content/Meshes/Buffer.ubulk" 860
"C:/Users/reece/Documents/Unreal Projects/ToyTrain/Content/Meshes/Buffer.uasset" 861
"C:/Users/reece/Documents/Unreal Projects/ToyTrain/Content/Meshes/Buffer.uexp" 862
"C:/Users/reece/Documents/Unreal Projects/ToyTrain/Content/Meshes/NewModels/SM_2x2ShelfClosed.ubulk" 863
"C:/Users/reece/Documents/Unreal Projects/ToyTrain/Content/Meshes/NewModels/SM_2x2ShelfClosed.uasset" 864
"C:/Users/reece/Documents/Unreal Projects/ToyTrain/Content/Meshes/NewModels/SM_2x2ShelfClosed.uexp" 865
"C:/Users/reece/Documents/Unreal Projects/ToyTrain/Content/Maps/KidsBedroom.uexp" 866
"C:/Users/reece/Documents/Unreal Projects/ToyTrain/Content/Maps/KidsBedroom.umap" 867
"C:/Users/reece/Documents/Unreal Projects/ToyTrain/Content/Maps/MainMenu_BuiltData.ubulk" 868
"C:/Users/reece/Documents/Unreal Projects/ToyTrain/Content/Maps/MainMenu_BuiltData.uasset" 869
"C:/Users/reece/Documents/Unreal Projects/ToyTrain/Content/Maps/MainMenu_BuiltData.uexp" 870
"C:/Users/reece/Documents/Unreal Projects/ToyTrain/Content/Blueprints/Widgets/W_MainMenu.uasset" 871
"C:/Users/reece/Documents/Unreal Projects/ToyTrain/Content/Blueprints/Widgets/W_MainMenu.uexp" 872
"C:/Users/reece/Documents/Unreal Projects/ToyTrain/Content/Blueprints/MainMenu/BP_MainMenuCharacter.uasset" 873
"C:/Users/reece/Documents/Unreal Projects/ToyTrain/Content/Blueprints/MainMenu/BP_MainMenuCharacter.uexp" 874
"C:/Users/reece/Documents/Unreal Projects/ToyTrain/Content/Blueprints/MainMenu/GM_MainMenu.uasset" 875
"C:/Users/reece/Documents/Unreal Projects/ToyTrain/Content/Blueprints/MainMenu/GM_MainMenu.uexp" 876
"C:/Users/reece/Documents/Unreal Projects/ToyTrain/Content/Maps/MainMenu.uexp" 877
"C:/Users/reece/Documents/Unreal Projects/ToyTrain/Content/Maps/MainMenu.umap" 878
